{"/Users/mateo.quintero/Documents/ecommerce-system/frontend/src/App.tsx": {"path":"/Users/mateo.quintero/Documents/ecommerce-system/frontend/src/App.tsx","statementMap":{"0":{"start":{"line":15,"column":14},"end":{"line":24,"column":2}},"1":{"start":{"line":27,"column":2},"end":{"line":64,"column":4}}},"fnMap":{"0":{"name":"App","decl":{"start":{"line":26,"column":9},"end":{"line":26,"column":12}},"loc":{"start":{"line":26,"column":15},"end":{"line":65,"column":1}},"line":26}},"branchMap":{},"s":{"0":0,"1":0},"f":{"0":0},"b":{}}
,"/Users/mateo.quintero/Documents/ecommerce-system/frontend/src/index.tsx": {"path":"/Users/mateo.quintero/Documents/ecommerce-system/frontend/src/index.tsx","statementMap":{"0":{"start":{"line":5,"column":13},"end":{"line":7,"column":1}},"1":{"start":{"line":9,"column":0},"end":{"line":13,"column":2}}},"fnMap":{},"branchMap":{},"s":{"0":0,"1":0},"f":{},"b":{}}
,"/Users/mateo.quintero/Documents/ecommerce-system/frontend/src/components/Inventory.tsx": {"path":"/Users/mateo.quintero/Documents/ecommerce-system/frontend/src/components/Inventory.tsx","statementMap":{"0":{"start":{"line":21,"column":28},"end":{"line":291,"column":1}},"1":{"start":{"line":22,"column":19},"end":{"line":22,"column":28}},"2":{"start":{"line":23,"column":34},"end":{"line":23,"column":57}},"3":{"start":{"line":24,"column":32},"end":{"line":24,"column":46}},"4":{"start":{"line":25,"column":28},"end":{"line":25,"column":40}},"5":{"start":{"line":26,"column":38},"end":{"line":26,"column":53}},"6":{"start":{"line":27,"column":48},"end":{"line":27,"column":78}},"7":{"start":{"line":28,"column":34},"end":{"line":28,"column":45}},"8":{"start":{"line":30,"column":2},"end":{"line":34,"column":13}},"9":{"start":{"line":31,"column":4},"end":{"line":33,"column":5}},"10":{"start":{"line":32,"column":6},"end":{"line":32,"column":22}},"11":{"start":{"line":37,"column":2},"end":{"line":45,"column":3}},"12":{"start":{"line":38,"column":4},"end":{"line":44,"column":6}},"13":{"start":{"line":47,"column":24},"end":{"line":56,"column":3}},"14":{"start":{"line":48,"column":4},"end":{"line":55,"column":5}},"15":{"start":{"line":49,"column":23},"end":{"line":49,"column":58}},"16":{"start":{"line":50,"column":6},"end":{"line":50,"column":41}},"17":{"start":{"line":52,"column":6},"end":{"line":52,"column":42}},"18":{"start":{"line":54,"column":6},"end":{"line":54,"column":24}},"19":{"start":{"line":58,"column":28},"end":{"line":71,"column":3}},"20":{"start":{"line":59,"column":4},"end":{"line":59,"column":33}},"21":{"start":{"line":59,"column":26},"end":{"line":59,"column":33}},"22":{"start":{"line":61,"column":4},"end":{"line":70,"column":5}},"23":{"start":{"line":62,"column":6},"end":{"line":65,"column":9}},"24":{"start":{"line":66,"column":6},"end":{"line":66,"column":27}},"25":{"start":{"line":67,"column":6},"end":{"line":67,"column":22}},"26":{"start":{"line":69,"column":6},"end":{"line":69,"column":39}},"27":{"start":{"line":73,"column":25},"end":{"line":77,"column":3}},"28":{"start":{"line":74,"column":4},"end":{"line":74,"column":32}},"29":{"start":{"line":75,"column":4},"end":{"line":75,"column":31}},"30":{"start":{"line":76,"column":4},"end":{"line":76,"column":24}},"31":{"start":{"line":79,"column":2},"end":{"line":79,"column":58}},"32":{"start":{"line":79,"column":15},"end":{"line":79,"column":58}},"33":{"start":{"line":81,"column":2},"end":{"line":290,"column":4}},"34":{"start":{"line":138,"column":14},"end":{"line":210,"column":25}},"35":{"start":{"line":196,"column":35},"end":{"line":196,"column":58}},"36":{"start":{"line":218,"column":23},"end":{"line":218,"column":43}},"37":{"start":{"line":247,"column":29},"end":{"line":247,"column":64}},"38":{"start":{"line":261,"column":27},"end":{"line":261,"column":47}}},"fnMap":{"0":{"name":"(anonymous_0)","decl":{"start":{"line":21,"column":28},"end":{"line":21,"column":29}},"loc":{"start":{"line":21,"column":34},"end":{"line":291,"column":1}},"line":21},"1":{"name":"(anonymous_1)","decl":{"start":{"line":30,"column":12},"end":{"line":30,"column":13}},"loc":{"start":{"line":30,"column":18},"end":{"line":34,"column":3}},"line":30},"2":{"name":"(anonymous_2)","decl":{"start":{"line":47,"column":24},"end":{"line":47,"column":25}},"loc":{"start":{"line":47,"column":36},"end":{"line":56,"column":3}},"line":47},"3":{"name":"(anonymous_3)","decl":{"start":{"line":58,"column":28},"end":{"line":58,"column":29}},"loc":{"start":{"line":58,"column":40},"end":{"line":71,"column":3}},"line":58},"4":{"name":"(anonymous_4)","decl":{"start":{"line":73,"column":25},"end":{"line":73,"column":26}},"loc":{"start":{"line":73,"column":47},"end":{"line":77,"column":3}},"line":73},"5":{"name":"(anonymous_5)","decl":{"start":{"line":137,"column":26},"end":{"line":137,"column":27}},"loc":{"start":{"line":138,"column":14},"end":{"line":210,"column":25}},"line":138},"6":{"name":"(anonymous_6)","decl":{"start":{"line":196,"column":29},"end":{"line":196,"column":30}},"loc":{"start":{"line":196,"column":35},"end":{"line":196,"column":58}},"line":196},"7":{"name":"(anonymous_7)","decl":{"start":{"line":218,"column":17},"end":{"line":218,"column":18}},"loc":{"start":{"line":218,"column":23},"end":{"line":218,"column":43}},"line":218},"8":{"name":"(anonymous_8)","decl":{"start":{"line":247,"column":22},"end":{"line":247,"column":23}},"loc":{"start":{"line":247,"column":29},"end":{"line":247,"column":64}},"line":247},"9":{"name":"(anonymous_9)","decl":{"start":{"line":261,"column":21},"end":{"line":261,"column":22}},"loc":{"start":{"line":261,"column":27},"end":{"line":261,"column":47}},"line":261}},"branchMap":{"0":{"loc":{"start":{"line":31,"column":4},"end":{"line":33,"column":5}},"type":"if","locations":[{"start":{"line":31,"column":4},"end":{"line":33,"column":5}},{"start":{},"end":{}}],"line":31},"1":{"loc":{"start":{"line":37,"column":2},"end":{"line":45,"column":3}},"type":"if","locations":[{"start":{"line":37,"column":2},"end":{"line":45,"column":3}},{"start":{},"end":{}}],"line":37},"2":{"loc":{"start":{"line":59,"column":4},"end":{"line":59,"column":33}},"type":"if","locations":[{"start":{"line":59,"column":4},"end":{"line":59,"column":33}},{"start":{},"end":{}}],"line":59},"3":{"loc":{"start":{"line":79,"column":2},"end":{"line":79,"column":58}},"type":"if","locations":[{"start":{"line":79,"column":2},"end":{"line":79,"column":58}},{"start":{},"end":{}}],"line":79},"4":{"loc":{"start":{"line":102,"column":7},"end":{"line":115,"column":7}},"type":"binary-expr","locations":[{"start":{"line":102,"column":7},"end":{"line":102,"column":12}},{"start":{"line":103,"column":8},"end":{"line":114,"column":15}}],"line":102},"5":{"loc":{"start":{"line":147,"column":27},"end":{"line":147,"column":63}},"type":"cond-expr","locations":[{"start":{"line":147,"column":45},"end":{"line":147,"column":51}},{"start":{"line":147,"column":54},"end":{"line":147,"column":63}}],"line":147},"6":{"loc":{"start":{"line":153,"column":27},"end":{"line":155,"column":88}},"type":"cond-expr","locations":[{"start":{"line":153,"column":64},"end":{"line":153,"column":78}},{"start":{"line":154,"column":27},"end":{"line":155,"column":88}}],"line":153},"7":{"loc":{"start":{"line":154,"column":27},"end":{"line":155,"column":88}},"type":"cond-expr","locations":[{"start":{"line":154,"column":57},"end":{"line":154,"column":64}},{"start":{"line":155,"column":27},"end":{"line":155,"column":88}}],"line":154},"8":{"loc":{"start":{"line":155,"column":27},"end":{"line":155,"column":88}},"type":"cond-expr","locations":[{"start":{"line":155,"column":59},"end":{"line":155,"column":69}},{"start":{"line":155,"column":72},"end":{"line":155,"column":88}}],"line":155},"9":{"loc":{"start":{"line":158,"column":31},"end":{"line":160,"column":84}},"type":"cond-expr","locations":[{"start":{"line":158,"column":68},"end":{"line":158,"column":77}},{"start":{"line":159,"column":31},"end":{"line":160,"column":84}}],"line":158},"10":{"loc":{"start":{"line":159,"column":31},"end":{"line":160,"column":84}},"type":"cond-expr","locations":[{"start":{"line":159,"column":61},"end":{"line":159,"column":70}},{"start":{"line":160,"column":31},"end":{"line":160,"column":84}}],"line":159},"11":{"loc":{"start":{"line":160,"column":31},"end":{"line":160,"column":84}},"type":"cond-expr","locations":[{"start":{"line":160,"column":63},"end":{"line":160,"column":72}},{"start":{"line":160,"column":75},"end":{"line":160,"column":84}}],"line":160},"12":{"loc":{"start":{"line":161,"column":29},"end":{"line":163,"column":79}},"type":"cond-expr","locations":[{"start":{"line":161,"column":66},"end":{"line":161,"column":75}},{"start":{"line":162,"column":29},"end":{"line":163,"column":79}}],"line":161},"13":{"loc":{"start":{"line":162,"column":29},"end":{"line":163,"column":79}},"type":"cond-expr","locations":[{"start":{"line":162,"column":59},"end":{"line":162,"column":68}},{"start":{"line":163,"column":29},"end":{"line":163,"column":79}}],"line":162},"14":{"loc":{"start":{"line":163,"column":29},"end":{"line":163,"column":79}},"type":"cond-expr","locations":[{"start":{"line":163,"column":61},"end":{"line":163,"column":70}},{"start":{"line":163,"column":73},"end":{"line":163,"column":79}}],"line":163},"15":{"loc":{"start":{"line":175,"column":26},"end":{"line":175,"column":76}},"type":"cond-expr","locations":[{"start":{"line":175,"column":47},"end":{"line":175,"column":58}},{"start":{"line":175,"column":61},"end":{"line":175,"column":76}}],"line":175},"16":{"loc":{"start":{"line":177,"column":31},"end":{"line":177,"column":105}},"type":"cond-expr","locations":[{"start":{"line":177,"column":52},"end":{"line":177,"column":61}},{"start":{"line":177,"column":64},"end":{"line":177,"column":105}}],"line":177},"17":{"loc":{"start":{"line":177,"column":64},"end":{"line":177,"column":105}},"type":"cond-expr","locations":[{"start":{"line":177,"column":84},"end":{"line":177,"column":93}},{"start":{"line":177,"column":96},"end":{"line":177,"column":105}}],"line":177},"18":{"loc":{"start":{"line":178,"column":29},"end":{"line":178,"column":103}},"type":"cond-expr","locations":[{"start":{"line":178,"column":50},"end":{"line":178,"column":59}},{"start":{"line":178,"column":62},"end":{"line":178,"column":103}}],"line":178},"19":{"loc":{"start":{"line":178,"column":62},"end":{"line":178,"column":103}},"type":"cond-expr","locations":[{"start":{"line":178,"column":82},"end":{"line":178,"column":91}},{"start":{"line":178,"column":94},"end":{"line":178,"column":103}}],"line":178},"20":{"loc":{"start":{"line":185,"column":27},"end":{"line":185,"column":67}},"type":"cond-expr","locations":[{"start":{"line":185,"column":46},"end":{"line":185,"column":54}},{"start":{"line":185,"column":57},"end":{"line":185,"column":67}}],"line":185},"21":{"loc":{"start":{"line":188,"column":31},"end":{"line":188,"column":71}},"type":"cond-expr","locations":[{"start":{"line":188,"column":50},"end":{"line":188,"column":59}},{"start":{"line":188,"column":62},"end":{"line":188,"column":71}}],"line":188},"22":{"loc":{"start":{"line":189,"column":29},"end":{"line":189,"column":69}},"type":"cond-expr","locations":[{"start":{"line":189,"column":48},"end":{"line":189,"column":57}},{"start":{"line":189,"column":60},"end":{"line":189,"column":69}}],"line":189}},"s":{"0":1,"1":3,"2":3,"3":3,"4":3,"5":3,"6":3,"7":3,"8":3,"9":3,"10":0,"11":3,"12":3,"13":0,"14":0,"15":0,"16":0,"17":0,"18":0,"19":0,"20":0,"21":0,"22":0,"23":0,"24":0,"25":0,"26":0,"27":0,"28":0,"29":0,"30":0,"31":0,"32":0,"33":0,"34":0,"35":0,"36":0,"37":0,"38":0},"f":{"0":3,"1":3,"2":0,"3":0,"4":0,"5":0,"6":0,"7":0,"8":0,"9":0},"b":{"0":[0,3],"1":[3,0],"2":[0,0],"3":[0,0],"4":[0,0],"5":[0,0],"6":[0,0],"7":[0,0],"8":[0,0],"9":[0,0],"10":[0,0],"11":[0,0],"12":[0,0],"13":[0,0],"14":[0,0],"15":[0,0],"16":[0,0],"17":[0,0],"18":[0,0],"19":[0,0],"20":[0,0],"21":[0,0],"22":[0,0]},"_coverageSchema":"1a1c01bbd47fc00a2c39e90264f33305004495a9","hash":"10bfd22b563d4dcaa4f24badcf55f2b7e1cc7697"}
,"/Users/mateo.quintero/Documents/ecommerce-system/frontend/src/components/Layout.tsx": {"path":"/Users/mateo.quintero/Documents/ecommerce-system/frontend/src/components/Layout.tsx","statementMap":{"0":{"start":{"line":11,"column":38},"end":{"line":175,"column":1}},"1":{"start":{"line":12,"column":19},"end":{"line":12,"column":32}},"2":{"start":{"line":13,"column":27},"end":{"line":13,"column":36}},"3":{"start":{"line":15,"column":23},"end":{"line":18,"column":3}},"4":{"start":{"line":16,"column":4},"end":{"line":16,"column":13}},"5":{"start":{"line":17,"column":4},"end":{"line":17,"column":23}},"6":{"start":{"line":20,"column":2},"end":{"line":174,"column":4}},"7":{"start":{"line":49,"column":29},"end":{"line":49,"column":50}},"8":{"start":{"line":67,"column":31},"end":{"line":67,"column":53}},"9":{"start":{"line":86,"column":31},"end":{"line":86,"column":49}},"10":{"start":{"line":105,"column":31},"end":{"line":105,"column":51}},"11":{"start":{"line":123,"column":29},"end":{"line":123,"column":48}}},"fnMap":{"0":{"name":"(anonymous_0)","decl":{"start":{"line":11,"column":38},"end":{"line":11,"column":39}},"loc":{"start":{"line":11,"column":56},"end":{"line":175,"column":1}},"line":11},"1":{"name":"(anonymous_1)","decl":{"start":{"line":15,"column":23},"end":{"line":15,"column":24}},"loc":{"start":{"line":15,"column":29},"end":{"line":18,"column":3}},"line":15},"2":{"name":"(anonymous_2)","decl":{"start":{"line":49,"column":23},"end":{"line":49,"column":24}},"loc":{"start":{"line":49,"column":29},"end":{"line":49,"column":50}},"line":49},"3":{"name":"(anonymous_3)","decl":{"start":{"line":67,"column":25},"end":{"line":67,"column":26}},"loc":{"start":{"line":67,"column":31},"end":{"line":67,"column":53}},"line":67},"4":{"name":"(anonymous_4)","decl":{"start":{"line":86,"column":25},"end":{"line":86,"column":26}},"loc":{"start":{"line":86,"column":31},"end":{"line":86,"column":49}},"line":86},"5":{"name":"(anonymous_5)","decl":{"start":{"line":105,"column":25},"end":{"line":105,"column":26}},"loc":{"start":{"line":105,"column":31},"end":{"line":105,"column":51}},"line":105},"6":{"name":"(anonymous_6)","decl":{"start":{"line":123,"column":23},"end":{"line":123,"column":24}},"loc":{"start":{"line":123,"column":29},"end":{"line":123,"column":48}},"line":123}},"branchMap":{"0":{"loc":{"start":{"line":63,"column":13},"end":{"line":80,"column":13}},"type":"binary-expr","locations":[{"start":{"line":63,"column":13},"end":{"line":63,"column":35}},{"start":{"line":64,"column":14},"end":{"line":79,"column":23}}],"line":63},"1":{"loc":{"start":{"line":82,"column":13},"end":{"line":99,"column":13}},"type":"binary-expr","locations":[{"start":{"line":82,"column":13},"end":{"line":82,"column":35}},{"start":{"line":83,"column":14},"end":{"line":98,"column":23}}],"line":82},"2":{"loc":{"start":{"line":101,"column":13},"end":{"line":118,"column":13}},"type":"binary-expr","locations":[{"start":{"line":101,"column":13},"end":{"line":101,"column":35}},{"start":{"line":102,"column":14},"end":{"line":117,"column":23}}],"line":101},"3":{"loc":{"start":{"line":139,"column":23},"end":{"line":139,"column":67}},"type":"cond-expr","locations":[{"start":{"line":139,"column":48},"end":{"line":139,"column":55}},{"start":{"line":139,"column":58},"end":{"line":139,"column":67}}],"line":139},"4":{"loc":{"start":{"line":142,"column":27},"end":{"line":142,"column":73}},"type":"cond-expr","locations":[{"start":{"line":142,"column":52},"end":{"line":142,"column":61}},{"start":{"line":142,"column":64},"end":{"line":142,"column":73}}],"line":142}},"s":{"0":1,"1":3,"2":3,"3":3,"4":0,"5":0,"6":3,"7":0,"8":0,"9":0,"10":0,"11":0},"f":{"0":3,"1":0,"2":0,"3":0,"4":0,"5":0,"6":0},"b":{"0":[3,0],"1":[3,0],"2":[3,0],"3":[0,3],"4":[0,3]},"_coverageSchema":"1a1c01bbd47fc00a2c39e90264f33305004495a9","hash":"984ccbda8a0869d6ec1c41d26896cfcbb6b55d00"}
,"/Users/mateo.quintero/Documents/ecommerce-system/frontend/src/components/Orders.tsx": {"path":"/Users/mateo.quintero/Documents/ecommerce-system/frontend/src/components/Orders.tsx","statementMap":{"0":{"start":{"line":13,"column":25},"end":{"line":518,"column":1}},"1":{"start":{"line":14,"column":19},"end":{"line":14,"column":28}},"2":{"start":{"line":15,"column":30},"end":{"line":15,"column":51}},"3":{"start":{"line":16,"column":34},"end":{"line":16,"column":57}},"4":{"start":{"line":17,"column":28},"end":{"line":17,"column":48}},"5":{"start":{"line":18,"column":32},"end":{"line":18,"column":67}},"6":{"start":{"line":19,"column":32},"end":{"line":19,"column":46}},"7":{"start":{"line":20,"column":28},"end":{"line":20,"column":40}},"8":{"start":{"line":21,"column":32},"end":{"line":21,"column":44}},"9":{"start":{"line":22,"column":42},"end":{"line":22,"column":57}},"10":{"start":{"line":23,"column":58},"end":{"line":23,"column":73}},"11":{"start":{"line":24,"column":54},"end":{"line":24,"column":69}},"12":{"start":{"line":25,"column":48},"end":{"line":25,"column":60}},"13":{"start":{"line":26,"column":42},"end":{"line":26,"column":54}},"14":{"start":{"line":27,"column":34},"end":{"line":27,"column":45}},"15":{"start":{"line":28,"column":36},"end":{"line":28,"column":48}},"16":{"start":{"line":29,"column":32},"end":{"line":29,"column":44}},"17":{"start":{"line":32,"column":2},"end":{"line":36,"column":13}},"18":{"start":{"line":33,"column":4},"end":{"line":33,"column":18}},"19":{"start":{"line":34,"column":4},"end":{"line":34,"column":20}},"20":{"start":{"line":35,"column":4},"end":{"line":35,"column":17}},"21":{"start":{"line":38,"column":22},"end":{"line":50,"column":3}},"22":{"start":{"line":39,"column":4},"end":{"line":49,"column":5}},"23":{"start":{"line":40,"column":6},"end":{"line":44,"column":7}},"24":{"start":{"line":41,"column":25},"end":{"line":41,"column":86}},"25":{"start":{"line":42,"column":25},"end":{"line":42,"column":48}},"26":{"start":{"line":43,"column":8},"end":{"line":43,"column":58}},"27":{"start":{"line":46,"column":6},"end":{"line":46,"column":39}},"28":{"start":{"line":48,"column":6},"end":{"line":48,"column":24}},"29":{"start":{"line":52,"column":24},"end":{"line":59,"column":3}},"30":{"start":{"line":53,"column":4},"end":{"line":58,"column":5}},"31":{"start":{"line":54,"column":23},"end":{"line":54,"column":58}},"32":{"start":{"line":55,"column":6},"end":{"line":55,"column":41}},"33":{"start":{"line":57,"column":6},"end":{"line":57,"column":46}},"34":{"start":{"line":61,"column":21},"end":{"line":76,"column":3}},"35":{"start":{"line":62,"column":4},"end":{"line":75,"column":5}},"36":{"start":{"line":63,"column":23},"end":{"line":63,"column":55}},"37":{"start":{"line":64,"column":24},"end":{"line":64,"column":45}},"38":{"start":{"line":65,"column":6},"end":{"line":65,"column":26}},"39":{"start":{"line":68,"column":41},"end":{"line":68,"column":43}},"40":{"start":{"line":69,"column":6},"end":{"line":71,"column":9}},"41":{"start":{"line":70,"column":8},"end":{"line":70,"column":22}},"42":{"start":{"line":72,"column":6},"end":{"line":72,"column":22}},"43":{"start":{"line":74,"column":6},"end":{"line":74,"column":43}},"44":{"start":{"line":78,"column":28},"end":{"line":103,"column":3}},"45":{"start":{"line":79,"column":4},"end":{"line":79,"column":42}},"46":{"start":{"line":79,"column":35},"end":{"line":79,"column":42}},"47":{"start":{"line":81,"column":25},"end":{"line":81,"column":71}},"48":{"start":{"line":82,"column":4},"end":{"line":82,"column":30}},"49":{"start":{"line":82,"column":23},"end":{"line":82,"column":30}},"50":{"start":{"line":84,"column":4},"end":{"line":102,"column":5}},"51":{"start":{"line":85,"column":6},"end":{"line":90,"column":9}},"52":{"start":{"line":91,"column":6},"end":{"line":91,"column":29}},"53":{"start":{"line":92,"column":6},"end":{"line":92,"column":29}},"54":{"start":{"line":93,"column":6},"end":{"line":93,"column":26}},"55":{"start":{"line":94,"column":6},"end":{"line":94,"column":21}},"56":{"start":{"line":95,"column":6},"end":{"line":95,"column":46}},"57":{"start":{"line":96,"column":6},"end":{"line":96,"column":19}},"58":{"start":{"line":97,"column":6},"end":{"line":97,"column":20}},"59":{"start":{"line":99,"column":27},"end":{"line":99,"column":95}},"60":{"start":{"line":100,"column":6},"end":{"line":100,"column":29}},"61":{"start":{"line":101,"column":6},"end":{"line":101,"column":21}},"62":{"start":{"line":105,"column":31},"end":{"line":120,"column":3}},"63":{"start":{"line":106,"column":4},"end":{"line":106,"column":39}},"64":{"start":{"line":106,"column":32},"end":{"line":106,"column":39}},"65":{"start":{"line":108,"column":4},"end":{"line":119,"column":5}},"66":{"start":{"line":109,"column":6},"end":{"line":109,"column":114}},"67":{"start":{"line":110,"column":6},"end":{"line":110,"column":37}},"68":{"start":{"line":111,"column":6},"end":{"line":111,"column":23}},"69":{"start":{"line":112,"column":6},"end":{"line":112,"column":21}},"70":{"start":{"line":113,"column":6},"end":{"line":113,"column":70}},"71":{"start":{"line":114,"column":6},"end":{"line":114,"column":19}},"72":{"start":{"line":115,"column":6},"end":{"line":115,"column":20}},"73":{"start":{"line":117,"column":6},"end":{"line":117,"column":54}},"74":{"start":{"line":118,"column":6},"end":{"line":118,"column":21}},"75":{"start":{"line":122,"column":29},"end":{"line":137,"column":3}},"76":{"start":{"line":123,"column":4},"end":{"line":123,"column":39}},"77":{"start":{"line":123,"column":32},"end":{"line":123,"column":39}},"78":{"start":{"line":125,"column":4},"end":{"line":136,"column":5}},"79":{"start":{"line":126,"column":6},"end":{"line":126,"column":112}},"80":{"start":{"line":127,"column":6},"end":{"line":127,"column":35}},"81":{"start":{"line":128,"column":6},"end":{"line":128,"column":23}},"82":{"start":{"line":129,"column":6},"end":{"line":129,"column":21}},"83":{"start":{"line":130,"column":6},"end":{"line":130,"column":71}},"84":{"start":{"line":131,"column":6},"end":{"line":131,"column":19}},"85":{"start":{"line":132,"column":6},"end":{"line":132,"column":20}},"86":{"start":{"line":134,"column":6},"end":{"line":134,"column":55}},"87":{"start":{"line":135,"column":6},"end":{"line":135,"column":21}},"88":{"start":{"line":139,"column":28},"end":{"line":156,"column":3}},"89":{"start":{"line":140,"column":4},"end":{"line":140,"column":22}},"90":{"start":{"line":140,"column":15},"end":{"line":140,"column":22}},"91":{"start":{"line":142,"column":4},"end":{"line":155,"column":5}},"92":{"start":{"line":143,"column":6},"end":{"line":149,"column":7}},"93":{"start":{"line":144,"column":8},"end":{"line":144,"column":65}},"94":{"start":{"line":145,"column":8},"end":{"line":145,"column":51}},"95":{"start":{"line":147,"column":8},"end":{"line":147,"column":86}},"96":{"start":{"line":148,"column":8},"end":{"line":148,"column":65}},"97":{"start":{"line":150,"column":6},"end":{"line":150,"column":19}},"98":{"start":{"line":151,"column":6},"end":{"line":151,"column":20}},"99":{"start":{"line":153,"column":6},"end":{"line":153,"column":46}},"100":{"start":{"line":154,"column":6},"end":{"line":154,"column":21}},"101":{"start":{"line":158,"column":25},"end":{"line":169,"column":3}},"102":{"start":{"line":159,"column":4},"end":{"line":159,"column":62}},"103":{"start":{"line":159,"column":45},"end":{"line":159,"column":62}},"104":{"start":{"line":160,"column":4},"end":{"line":160,"column":60}},"105":{"start":{"line":160,"column":43},"end":{"line":160,"column":60}},"106":{"start":{"line":161,"column":4},"end":{"line":161,"column":63}},"107":{"start":{"line":161,"column":46},"end":{"line":161,"column":63}},"108":{"start":{"line":163,"column":4},"end":{"line":168,"column":5}},"109":{"start":{"line":164,"column":23},"end":{"line":164,"column":40}},"110":{"start":{"line":165,"column":23},"end":{"line":165,"column":40}},"111":{"start":{"line":166,"column":22},"end":{"line":166,"column":39}},"112":{"start":{"line":167,"column":15},"end":{"line":167,"column":32}},"113":{"start":{"line":171,"column":29},"end":{"line":178,"column":3}},"114":{"start":{"line":172,"column":4},"end":{"line":177,"column":5}},"115":{"start":{"line":173,"column":23},"end":{"line":173,"column":40}},"116":{"start":{"line":174,"column":23},"end":{"line":174,"column":38}},"117":{"start":{"line":175,"column":22},"end":{"line":175,"column":39}},"118":{"start":{"line":176,"column":15},"end":{"line":176,"column":32}},"119":{"start":{"line":180,"column":2},"end":{"line":180,"column":58}},"120":{"start":{"line":180,"column":15},"end":{"line":180,"column":58}},"121":{"start":{"line":182,"column":2},"end":{"line":517,"column":4}},"122":{"start":{"line":236,"column":27},"end":{"line":236,"column":48}},"123":{"start":{"line":255,"column":27},"end":{"line":255,"column":56}},"124":{"start":{"line":275,"column":27},"end":{"line":275,"column":54}},"125":{"start":{"line":298,"column":10},"end":{"line":392,"column":17}},"126":{"start":{"line":340,"column":55},"end":{"line":340,"column":109}},"127":{"start":{"line":363,"column":41},"end":{"line":363,"column":80}},"128":{"start":{"line":371,"column":41},"end":{"line":371,"column":80}},"129":{"start":{"line":382,"column":39},"end":{"line":382,"column":77}},"130":{"start":{"line":403,"column":61},"end":{"line":403,"column":86}},"131":{"start":{"line":412,"column":49},"end":{"line":412,"column":71}},"132":{"start":{"line":420,"column":33},"end":{"line":420,"column":64}},"133":{"start":{"line":423,"column":18},"end":{"line":425,"column":29}},"134":{"start":{"line":434,"column":31},"end":{"line":434,"column":65}},"135":{"start":{"line":437,"column":16},"end":{"line":439,"column":27}},"136":{"start":{"line":447,"column":29},"end":{"line":447,"column":64}},"137":{"start":{"line":454,"column":33},"end":{"line":454,"column":55}},"138":{"start":{"line":460,"column":57},"end":{"line":460,"column":87}},"139":{"start":{"line":467,"column":29},"end":{"line":467,"column":57}},"140":{"start":{"line":476,"column":29},"end":{"line":476,"column":55}},"141":{"start":{"line":483,"column":33},"end":{"line":483,"column":63}},"142":{"start":{"line":489,"column":55},"end":{"line":489,"column":83}},"143":{"start":{"line":496,"column":29},"end":{"line":496,"column":57}},"144":{"start":{"line":505,"column":29},"end":{"line":505,"column":55}},"145":{"start":{"line":512,"column":33},"end":{"line":512,"column":61}}},"fnMap":{"0":{"name":"(anonymous_0)","decl":{"start":{"line":13,"column":25},"end":{"line":13,"column":26}},"loc":{"start":{"line":13,"column":31},"end":{"line":518,"column":1}},"line":13},"1":{"name":"(anonymous_1)","decl":{"start":{"line":32,"column":12},"end":{"line":32,"column":13}},"loc":{"start":{"line":32,"column":18},"end":{"line":36,"column":3}},"line":32},"2":{"name":"(anonymous_2)","decl":{"start":{"line":38,"column":22},"end":{"line":38,"column":23}},"loc":{"start":{"line":38,"column":34},"end":{"line":50,"column":3}},"line":38},"3":{"name":"(anonymous_3)","decl":{"start":{"line":52,"column":24},"end":{"line":52,"column":25}},"loc":{"start":{"line":52,"column":36},"end":{"line":59,"column":3}},"line":52},"4":{"name":"(anonymous_4)","decl":{"start":{"line":61,"column":21},"end":{"line":61,"column":22}},"loc":{"start":{"line":61,"column":33},"end":{"line":76,"column":3}},"line":61},"5":{"name":"(anonymous_5)","decl":{"start":{"line":69,"column":24},"end":{"line":69,"column":25}},"loc":{"start":{"line":69,"column":37},"end":{"line":71,"column":7}},"line":69},"6":{"name":"(anonymous_6)","decl":{"start":{"line":78,"column":28},"end":{"line":78,"column":29}},"loc":{"start":{"line":78,"column":40},"end":{"line":103,"column":3}},"line":78},"7":{"name":"(anonymous_7)","decl":{"start":{"line":105,"column":31},"end":{"line":105,"column":32}},"loc":{"start":{"line":105,"column":43},"end":{"line":120,"column":3}},"line":105},"8":{"name":"(anonymous_8)","decl":{"start":{"line":122,"column":29},"end":{"line":122,"column":30}},"loc":{"start":{"line":122,"column":41},"end":{"line":137,"column":3}},"line":122},"9":{"name":"(anonymous_9)","decl":{"start":{"line":139,"column":28},"end":{"line":139,"column":29}},"loc":{"start":{"line":139,"column":100},"end":{"line":156,"column":3}},"line":139},"10":{"name":"(anonymous_10)","decl":{"start":{"line":158,"column":25},"end":{"line":158,"column":26}},"loc":{"start":{"line":158,"column":68},"end":{"line":169,"column":3}},"line":158},"11":{"name":"(anonymous_11)","decl":{"start":{"line":171,"column":29},"end":{"line":171,"column":30}},"loc":{"start":{"line":171,"column":94},"end":{"line":178,"column":3}},"line":171},"12":{"name":"(anonymous_12)","decl":{"start":{"line":236,"column":21},"end":{"line":236,"column":22}},"loc":{"start":{"line":236,"column":27},"end":{"line":236,"column":48}},"line":236},"13":{"name":"(anonymous_13)","decl":{"start":{"line":255,"column":21},"end":{"line":255,"column":22}},"loc":{"start":{"line":255,"column":27},"end":{"line":255,"column":56}},"line":255},"14":{"name":"(anonymous_14)","decl":{"start":{"line":275,"column":21},"end":{"line":275,"column":22}},"loc":{"start":{"line":275,"column":27},"end":{"line":275,"column":54}},"line":275},"15":{"name":"(anonymous_15)","decl":{"start":{"line":297,"column":20},"end":{"line":297,"column":21}},"loc":{"start":{"line":298,"column":10},"end":{"line":392,"column":17}},"line":298},"16":{"name":"(anonymous_16)","decl":{"start":{"line":340,"column":47},"end":{"line":340,"column":48}},"loc":{"start":{"line":340,"column":55},"end":{"line":340,"column":109}},"line":340},"17":{"name":"(anonymous_17)","decl":{"start":{"line":363,"column":35},"end":{"line":363,"column":36}},"loc":{"start":{"line":363,"column":41},"end":{"line":363,"column":80}},"line":363},"18":{"name":"(anonymous_18)","decl":{"start":{"line":371,"column":35},"end":{"line":371,"column":36}},"loc":{"start":{"line":371,"column":41},"end":{"line":371,"column":80}},"line":371},"19":{"name":"(anonymous_19)","decl":{"start":{"line":382,"column":33},"end":{"line":382,"column":34}},"loc":{"start":{"line":382,"column":39},"end":{"line":382,"column":77}},"line":382},"20":{"name":"(anonymous_20)","decl":{"start":{"line":403,"column":43},"end":{"line":403,"column":44}},"loc":{"start":{"line":403,"column":61},"end":{"line":403,"column":86}},"line":403},"21":{"name":"(anonymous_21)","decl":{"start":{"line":412,"column":43},"end":{"line":412,"column":44}},"loc":{"start":{"line":412,"column":49},"end":{"line":412,"column":71}},"line":412},"22":{"name":"(anonymous_22)","decl":{"start":{"line":420,"column":26},"end":{"line":420,"column":27}},"loc":{"start":{"line":420,"column":33},"end":{"line":420,"column":64}},"line":420},"23":{"name":"(anonymous_23)","decl":{"start":{"line":422,"column":27},"end":{"line":422,"column":28}},"loc":{"start":{"line":423,"column":18},"end":{"line":425,"column":29}},"line":423},"24":{"name":"(anonymous_24)","decl":{"start":{"line":434,"column":24},"end":{"line":434,"column":25}},"loc":{"start":{"line":434,"column":31},"end":{"line":434,"column":65}},"line":434},"25":{"name":"(anonymous_25)","decl":{"start":{"line":436,"column":28},"end":{"line":436,"column":29}},"loc":{"start":{"line":437,"column":16},"end":{"line":439,"column":27}},"line":437},"26":{"name":"(anonymous_26)","decl":{"start":{"line":447,"column":22},"end":{"line":447,"column":23}},"loc":{"start":{"line":447,"column":29},"end":{"line":447,"column":64}},"line":447},"27":{"name":"(anonymous_27)","decl":{"start":{"line":454,"column":27},"end":{"line":454,"column":28}},"loc":{"start":{"line":454,"column":33},"end":{"line":454,"column":55}},"line":454},"28":{"name":"(anonymous_28)","decl":{"start":{"line":460,"column":51},"end":{"line":460,"column":52}},"loc":{"start":{"line":460,"column":57},"end":{"line":460,"column":87}},"line":460},"29":{"name":"(anonymous_29)","decl":{"start":{"line":467,"column":22},"end":{"line":467,"column":23}},"loc":{"start":{"line":467,"column":29},"end":{"line":467,"column":57}},"line":467},"30":{"name":"(anonymous_30)","decl":{"start":{"line":476,"column":22},"end":{"line":476,"column":23}},"loc":{"start":{"line":476,"column":29},"end":{"line":476,"column":55}},"line":476},"31":{"name":"(anonymous_31)","decl":{"start":{"line":483,"column":27},"end":{"line":483,"column":28}},"loc":{"start":{"line":483,"column":33},"end":{"line":483,"column":63}},"line":483},"32":{"name":"(anonymous_32)","decl":{"start":{"line":489,"column":49},"end":{"line":489,"column":50}},"loc":{"start":{"line":489,"column":55},"end":{"line":489,"column":83}},"line":489},"33":{"name":"(anonymous_33)","decl":{"start":{"line":496,"column":22},"end":{"line":496,"column":23}},"loc":{"start":{"line":496,"column":29},"end":{"line":496,"column":57}},"line":496},"34":{"name":"(anonymous_34)","decl":{"start":{"line":505,"column":22},"end":{"line":505,"column":23}},"loc":{"start":{"line":505,"column":29},"end":{"line":505,"column":55}},"line":505},"35":{"name":"(anonymous_35)","decl":{"start":{"line":512,"column":27},"end":{"line":512,"column":28}},"loc":{"start":{"line":512,"column":33},"end":{"line":512,"column":61}},"line":512}},"branchMap":{"0":{"loc":{"start":{"line":40,"column":6},"end":{"line":44,"column":7}},"type":"if","locations":[{"start":{"line":40,"column":6},"end":{"line":44,"column":7}},{"start":{},"end":{}}],"line":40},"1":{"loc":{"start":{"line":41,"column":25},"end":{"line":41,"column":86}},"type":"cond-expr","locations":[{"start":{"line":41,"column":49},"end":{"line":41,"column":58}},{"start":{"line":41,"column":61},"end":{"line":41,"column":86}}],"line":41},"2":{"loc":{"start":{"line":43,"column":18},"end":{"line":43,"column":56}},"type":"binary-expr","locations":[{"start":{"line":43,"column":18},"end":{"line":43,"column":39}},{"start":{"line":43,"column":43},"end":{"line":43,"column":56}}],"line":43},"3":{"loc":{"start":{"line":79,"column":4},"end":{"line":79,"column":42}},"type":"if","locations":[{"start":{"line":79,"column":4},"end":{"line":79,"column":42}},{"start":{},"end":{}}],"line":79},"4":{"loc":{"start":{"line":79,"column":8},"end":{"line":79,"column":33}},"type":"binary-expr","locations":[{"start":{"line":79,"column":8},"end":{"line":79,"column":24}},{"start":{"line":79,"column":28},"end":{"line":79,"column":33}}],"line":79},"5":{"loc":{"start":{"line":81,"column":25},"end":{"line":81,"column":71}},"type":"cond-expr","locations":[{"start":{"line":81,"column":49},"end":{"line":81,"column":61}},{"start":{"line":81,"column":64},"end":{"line":81,"column":71}}],"line":81},"6":{"loc":{"start":{"line":82,"column":4},"end":{"line":82,"column":30}},"type":"if","locations":[{"start":{"line":82,"column":4},"end":{"line":82,"column":30}},{"start":{},"end":{}}],"line":82},"7":{"loc":{"start":{"line":99,"column":27},"end":{"line":99,"column":95}},"type":"binary-expr","locations":[{"start":{"line":99,"column":27},"end":{"line":99,"column":54}},{"start":{"line":99,"column":58},"end":{"line":99,"column":69}},{"start":{"line":99,"column":73},"end":{"line":99,"column":95}}],"line":99},"8":{"loc":{"start":{"line":106,"column":4},"end":{"line":106,"column":39}},"type":"if","locations":[{"start":{"line":106,"column":4},"end":{"line":106,"column":39}},{"start":{},"end":{}}],"line":106},"9":{"loc":{"start":{"line":106,"column":8},"end":{"line":106,"column":30}},"type":"binary-expr","locations":[{"start":{"line":106,"column":8},"end":{"line":106,"column":18}},{"start":{"line":106,"column":22},"end":{"line":106,"column":30}}],"line":106},"10":{"loc":{"start":{"line":123,"column":4},"end":{"line":123,"column":39}},"type":"if","locations":[{"start":{"line":123,"column":4},"end":{"line":123,"column":39}},{"start":{},"end":{}}],"line":123},"11":{"loc":{"start":{"line":123,"column":8},"end":{"line":123,"column":30}},"type":"binary-expr","locations":[{"start":{"line":123,"column":8},"end":{"line":123,"column":18}},{"start":{"line":123,"column":22},"end":{"line":123,"column":30}}],"line":123},"12":{"loc":{"start":{"line":140,"column":4},"end":{"line":140,"column":22}},"type":"if","locations":[{"start":{"line":140,"column":4},"end":{"line":140,"column":22}},{"start":{},"end":{}}],"line":140},"13":{"loc":{"start":{"line":143,"column":6},"end":{"line":149,"column":7}},"type":"if","locations":[{"start":{"line":143,"column":6},"end":{"line":149,"column":7}},{"start":{"line":146,"column":13},"end":{"line":149,"column":7}}],"line":143},"14":{"loc":{"start":{"line":159,"column":4},"end":{"line":159,"column":62}},"type":"if","locations":[{"start":{"line":159,"column":4},"end":{"line":159,"column":62}},{"start":{},"end":{}}],"line":159},"15":{"loc":{"start":{"line":160,"column":4},"end":{"line":160,"column":60}},"type":"if","locations":[{"start":{"line":160,"column":4},"end":{"line":160,"column":60}},{"start":{},"end":{}}],"line":160},"16":{"loc":{"start":{"line":161,"column":4},"end":{"line":161,"column":63}},"type":"if","locations":[{"start":{"line":161,"column":4},"end":{"line":161,"column":63}},{"start":{},"end":{}}],"line":161},"17":{"loc":{"start":{"line":163,"column":4},"end":{"line":168,"column":5}},"type":"switch","locations":[{"start":{"line":164,"column":6},"end":{"line":164,"column":40}},{"start":{"line":165,"column":6},"end":{"line":165,"column":40}},{"start":{"line":166,"column":6},"end":{"line":166,"column":39}},{"start":{"line":167,"column":6},"end":{"line":167,"column":32}}],"line":163},"18":{"loc":{"start":{"line":172,"column":4},"end":{"line":177,"column":5}},"type":"switch","locations":[{"start":{"line":173,"column":6},"end":{"line":173,"column":40}},{"start":{"line":174,"column":6},"end":{"line":174,"column":38}},{"start":{"line":175,"column":6},"end":{"line":175,"column":39}},{"start":{"line":176,"column":6},"end":{"line":176,"column":32}}],"line":172},"19":{"loc":{"start":{"line":180,"column":2},"end":{"line":180,"column":58}},"type":"if","locations":[{"start":{"line":180,"column":2},"end":{"line":180,"column":58}},{"start":{},"end":{}}],"line":180},"20":{"loc":{"start":{"line":203,"column":7},"end":{"line":216,"column":7}},"type":"binary-expr","locations":[{"start":{"line":203,"column":7},"end":{"line":203,"column":12}},{"start":{"line":204,"column":8},"end":{"line":215,"column":15}}],"line":203},"21":{"loc":{"start":{"line":217,"column":7},"end":{"line":230,"column":7}},"type":"binary-expr","locations":[{"start":{"line":217,"column":7},"end":{"line":217,"column":14}},{"start":{"line":218,"column":8},"end":{"line":229,"column":15}}],"line":217},"22":{"loc":{"start":{"line":232,"column":7},"end":{"line":294,"column":7}},"type":"binary-expr","locations":[{"start":{"line":232,"column":7},"end":{"line":232,"column":29}},{"start":{"line":233,"column":8},"end":{"line":293,"column":14}}],"line":232},"23":{"loc":{"start":{"line":321,"column":21},"end":{"line":323,"column":21}},"type":"binary-expr","locations":[{"start":{"line":321,"column":21},"end":{"line":321,"column":62}},{"start":{"line":322,"column":22},"end":{"line":322,"column":73}}],"line":321},"24":{"loc":{"start":{"line":324,"column":21},"end":{"line":326,"column":21}},"type":"binary-expr","locations":[{"start":{"line":324,"column":21},"end":{"line":324,"column":60}},{"start":{"line":325,"column":22},"end":{"line":325,"column":78}}],"line":324},"25":{"loc":{"start":{"line":327,"column":21},"end":{"line":329,"column":21}},"type":"binary-expr","locations":[{"start":{"line":327,"column":21},"end":{"line":327,"column":63}},{"start":{"line":328,"column":22},"end":{"line":328,"column":116}}],"line":327},"26":{"loc":{"start":{"line":334,"column":28},"end":{"line":334,"column":146}},"type":"cond-expr","locations":[{"start":{"line":334,"column":52},"end":{"line":334,"column":122}},{"start":{"line":334,"column":125},"end":{"line":334,"column":146}}],"line":334},"27":{"loc":{"start":{"line":340,"column":30},"end":{"line":340,"column":140}},"type":"binary-expr","locations":[{"start":{"line":340,"column":30},"end":{"line":340,"column":121}},{"start":{"line":340,"column":125},"end":{"line":340,"column":140}}],"line":340},"28":{"loc":{"start":{"line":340,"column":58},"end":{"line":340,"column":88}},"type":"binary-expr","locations":[{"start":{"line":340,"column":58},"end":{"line":340,"column":74}},{"start":{"line":340,"column":78},"end":{"line":340,"column":88}}],"line":340},"29":{"loc":{"start":{"line":342,"column":17},"end":{"line":346,"column":17}},"type":"binary-expr","locations":[{"start":{"line":342,"column":17},"end":{"line":342,"column":42}},{"start":{"line":343,"column":18},"end":{"line":345,"column":31}}],"line":342},"30":{"loc":{"start":{"line":347,"column":17},"end":{"line":351,"column":17}},"type":"binary-expr","locations":[{"start":{"line":347,"column":17},"end":{"line":347,"column":42}},{"start":{"line":348,"column":18},"end":{"line":350,"column":31}}],"line":347},"31":{"loc":{"start":{"line":356,"column":17},"end":{"line":389,"column":17}},"type":"binary-expr","locations":[{"start":{"line":356,"column":17},"end":{"line":356,"column":39}},{"start":{"line":357,"column":18},"end":{"line":388,"column":24}}],"line":356},"32":{"loc":{"start":{"line":358,"column":21},"end":{"line":377,"column":21}},"type":"binary-expr","locations":[{"start":{"line":358,"column":21},"end":{"line":358,"column":47}},{"start":{"line":359,"column":22},"end":{"line":376,"column":25}}],"line":358},"33":{"loc":{"start":{"line":378,"column":21},"end":{"line":387,"column":21}},"type":"binary-expr","locations":[{"start":{"line":378,"column":22},"end":{"line":378,"column":48}},{"start":{"line":378,"column":52},"end":{"line":378,"column":79}},{"start":{"line":378,"column":83},"end":{"line":378,"column":110}},{"start":{"line":379,"column":22},"end":{"line":386,"column":35}}],"line":378},"34":{"loc":{"start":{"line":397,"column":7},"end":{"line":409,"column":7}},"type":"binary-expr","locations":[{"start":{"line":397,"column":7},"end":{"line":397,"column":29}},{"start":{"line":397,"column":33},"end":{"line":397,"column":50}},{"start":{"line":398,"column":8},"end":{"line":408,"column":16}}],"line":397},"35":{"loc":{"start":{"line":406,"column":43},"end":{"line":406,"column":74}},"type":"cond-expr","locations":[{"start":{"line":406,"column":65},"end":{"line":406,"column":69}},{"start":{"line":406,"column":72},"end":{"line":406,"column":74}}],"line":406},"36":{"loc":{"start":{"line":415,"column":11},"end":{"line":429,"column":11}},"type":"binary-expr","locations":[{"start":{"line":415,"column":11},"end":{"line":415,"column":33}},{"start":{"line":416,"column":12},"end":{"line":428,"column":26}}],"line":415}},"s":{"0":1,"1":5,"2":4,"3":4,"4":4,"5":4,"6":4,"7":4,"8":4,"9":4,"10":4,"11":4,"12":4,"13":4,"14":4,"15":4,"16":4,"17":4,"18":3,"19":3,"20":3,"21":4,"22":3,"23":3,"24":1,"25":1,"26":1,"27":1,"28":3,"29":4,"30":3,"31":3,"32":3,"33":3,"34":4,"35":3,"36":3,"37":3,"38":0,"39":0,"40":0,"41":0,"42":0,"43":3,"44":4,"45":0,"46":0,"47":0,"48":0,"49":0,"50":0,"51":0,"52":0,"53":0,"54":0,"55":0,"56":0,"57":0,"58":0,"59":0,"60":0,"61":0,"62":4,"63":0,"64":0,"65":0,"66":0,"67":0,"68":0,"69":0,"70":0,"71":0,"72":0,"73":0,"74":0,"75":4,"76":0,"77":0,"78":0,"79":0,"80":0,"81":0,"82":0,"83":0,"84":0,"85":0,"86":0,"87":0,"88":4,"89":0,"90":0,"91":0,"92":0,"93":0,"94":0,"95":0,"96":0,"97":0,"98":0,"99":0,"100":0,"101":4,"102":0,"103":0,"104":0,"105":0,"106":0,"107":0,"108":0,"109":0,"110":0,"111":0,"112":0,"113":4,"114":0,"115":0,"116":0,"117":0,"118":0,"119":4,"120":2,"121":2,"122":0,"123":0,"124":0,"125":0,"126":0,"127":0,"128":0,"129":0,"130":0,"131":0,"132":0,"133":0,"134":0,"135":0,"136":0,"137":0,"138":0,"139":0,"140":0,"141":0,"142":0,"143":0,"144":0,"145":0},"f":{"0":5,"1":3,"2":3,"3":3,"4":3,"5":0,"6":0,"7":0,"8":0,"9":0,"10":0,"11":0,"12":0,"13":0,"14":0,"15":0,"16":0,"17":0,"18":0,"19":0,"20":0,"21":0,"22":0,"23":0,"24":0,"25":0,"26":0,"27":0,"28":0,"29":0,"30":0,"31":0,"32":0,"33":0,"34":0,"35":0},"b":{"0":[1,2],"1":[0,1],"2":[1,0],"3":[0,0],"4":[0,0],"5":[0,0],"6":[0,0],"7":[0,0,0],"8":[0,0],"9":[0,0],"10":[0,0],"11":[0,0],"12":[0,0],"13":[0,0],"14":[0,0],"15":[0,0],"16":[0,0],"17":[0,0,0,0],"18":[0,0,0,0],"19":[2,2],"20":[2,0],"21":[2,0],"22":[2,0],"23":[0,0],"24":[0,0],"25":[0,0],"26":[0,0],"27":[0,0],"28":[0,0],"29":[0,0],"30":[0,0],"31":[0,0],"32":[0,0],"33":[0,0,0,0],"34":[2,2,0],"35":[0,0],"36":[2,0]},"_coverageSchema":"1a1c01bbd47fc00a2c39e90264f33305004495a9","hash":"2d918309c5332d721618c43d2aa4cfe6292599ef"}
,"/Users/mateo.quintero/Documents/ecommerce-system/frontend/src/components/ProductCard.tsx": {"path":"/Users/mateo.quintero/Documents/ecommerce-system/frontend/src/components/ProductCard.tsx","statementMap":{"0":{"start":{"line":21,"column":48},"end":{"line":75,"column":1}},"1":{"start":{"line":28,"column":2},"end":{"line":74,"column":4}},"2":{"start":{"line":55,"column":48},"end":{"line":55,"column":63}},"3":{"start":{"line":58,"column":62},"end":{"line":58,"column":82}},"4":{"start":{"line":66,"column":27},"end":{"line":66,"column":41}}},"fnMap":{"0":{"name":"(anonymous_0)","decl":{"start":{"line":21,"column":48},"end":{"line":21,"column":49}},"loc":{"start":{"line":27,"column":6},"end":{"line":75,"column":1}},"line":27},"1":{"name":"(anonymous_1)","decl":{"start":{"line":55,"column":42},"end":{"line":55,"column":43}},"loc":{"start":{"line":55,"column":48},"end":{"line":55,"column":63}},"line":55},"2":{"name":"(anonymous_2)","decl":{"start":{"line":58,"column":56},"end":{"line":58,"column":57}},"loc":{"start":{"line":58,"column":62},"end":{"line":58,"column":82}},"line":58},"3":{"name":"(anonymous_3)","decl":{"start":{"line":66,"column":21},"end":{"line":66,"column":22}},"loc":{"start":{"line":66,"column":27},"end":{"line":66,"column":41}},"line":66}},"branchMap":{"0":{"loc":{"start":{"line":49,"column":11},"end":{"line":49,"column":68}},"type":"cond-expr","locations":[{"start":{"line":49,"column":31},"end":{"line":49,"column":56}},{"start":{"line":49,"column":59},"end":{"line":49,"column":68}}],"line":49},"1":{"loc":{"start":{"line":53,"column":9},"end":{"line":71,"column":9}},"type":"cond-expr","locations":[{"start":{"line":54,"column":10},"end":{"line":61,"column":13}},{"start":{"line":63,"column":10},"end":{"line":70,"column":19}}],"line":53}},"s":{"0":1,"1":6,"2":1,"3":1,"4":0},"f":{"0":6,"1":1,"2":1,"3":0},"b":{"0":[5,1],"1":[5,1]},"_coverageSchema":"1a1c01bbd47fc00a2c39e90264f33305004495a9","hash":"1f4ead177a7f820c1c5930f3fafa880d6d3f488e"}
,"/Users/mateo.quintero/Documents/ecommerce-system/frontend/src/components/ProtectedRoute.tsx": {"path":"/Users/mateo.quintero/Documents/ecommerce-system/frontend/src/components/ProtectedRoute.tsx","statementMap":{"0":{"start":{"line":9,"column":54},"end":{"line":13,"column":1}},"1":{"start":{"line":10,"column":30},"end":{"line":10,"column":39}},"2":{"start":{"line":12,"column":2},"end":{"line":12,"column":78}}},"fnMap":{"0":{"name":"(anonymous_0)","decl":{"start":{"line":9,"column":54},"end":{"line":9,"column":55}},"loc":{"start":{"line":9,"column":72},"end":{"line":13,"column":1}},"line":9}},"branchMap":{"0":{"loc":{"start":{"line":12,"column":9},"end":{"line":12,"column":77}},"type":"cond-expr","locations":[{"start":{"line":12,"column":27},"end":{"line":12,"column":42}},{"start":{"line":12,"column":45},"end":{"line":12,"column":77}}],"line":12}},"s":{"0":1,"1":3,"2":3},"f":{"0":3},"b":{"0":[1,2]},"_coverageSchema":"1a1c01bbd47fc00a2c39e90264f33305004495a9","hash":"b124610b930658aea421c906c528efc3a7a169e4"}
,"/Users/mateo.quintero/Documents/ecommerce-system/frontend/src/components/Reports.tsx": {"path":"/Users/mateo.quintero/Documents/ecommerce-system/frontend/src/components/Reports.tsx","statementMap":{"0":{"start":{"line":22,"column":26},"end":{"line":345,"column":1}},"1":{"start":{"line":23,"column":19},"end":{"line":23,"column":28}},"2":{"start":{"line":24,"column":40},"end":{"line":24,"column":66}},"3":{"start":{"line":25,"column":42},"end":{"line":25,"column":69}},"4":{"start":{"line":26,"column":46},"end":{"line":26,"column":75}},"5":{"start":{"line":27,"column":32},"end":{"line":27,"column":46}},"6":{"start":{"line":28,"column":28},"end":{"line":28,"column":40}},"7":{"start":{"line":30,"column":2},"end":{"line":34,"column":13}},"8":{"start":{"line":31,"column":4},"end":{"line":33,"column":5}},"9":{"start":{"line":32,"column":6},"end":{"line":32,"column":21}},"10":{"start":{"line":36,"column":2},"end":{"line":44,"column":3}},"11":{"start":{"line":37,"column":4},"end":{"line":43,"column":6}},"12":{"start":{"line":46,"column":23},"end":{"line":62,"column":3}},"13":{"start":{"line":47,"column":4},"end":{"line":61,"column":5}},"14":{"start":{"line":48,"column":53},"end":{"line":52,"column":8}},"15":{"start":{"line":54,"column":6},"end":{"line":54,"column":39}},"16":{"start":{"line":55,"column":6},"end":{"line":55,"column":41}},"17":{"start":{"line":56,"column":6},"end":{"line":56,"column":40}},"18":{"start":{"line":58,"column":6},"end":{"line":58,"column":40}},"19":{"start":{"line":60,"column":6},"end":{"line":60,"column":24}},"20":{"start":{"line":64,"column":2},"end":{"line":64,"column":58}},"21":{"start":{"line":64,"column":15},"end":{"line":64,"column":58}},"22":{"start":{"line":66,"column":2},"end":{"line":344,"column":4}},"23":{"start":{"line":138,"column":22},"end":{"line":170,"column":33}},"24":{"start":{"line":214,"column":22},"end":{"line":247,"column":33}},"25":{"start":{"line":293,"column":22},"end":{"line":334,"column":33}}},"fnMap":{"0":{"name":"(anonymous_0)","decl":{"start":{"line":22,"column":26},"end":{"line":22,"column":27}},"loc":{"start":{"line":22,"column":32},"end":{"line":345,"column":1}},"line":22},"1":{"name":"(anonymous_1)","decl":{"start":{"line":30,"column":12},"end":{"line":30,"column":13}},"loc":{"start":{"line":30,"column":18},"end":{"line":34,"column":3}},"line":30},"2":{"name":"(anonymous_2)","decl":{"start":{"line":46,"column":23},"end":{"line":46,"column":24}},"loc":{"start":{"line":46,"column":35},"end":{"line":62,"column":3}},"line":46},"3":{"name":"(anonymous_3)","decl":{"start":{"line":137,"column":37},"end":{"line":137,"column":38}},"loc":{"start":{"line":138,"column":22},"end":{"line":170,"column":33}},"line":138},"4":{"name":"(anonymous_4)","decl":{"start":{"line":213,"column":38},"end":{"line":213,"column":39}},"loc":{"start":{"line":214,"column":22},"end":{"line":247,"column":33}},"line":214},"5":{"name":"(anonymous_5)","decl":{"start":{"line":292,"column":40},"end":{"line":292,"column":41}},"loc":{"start":{"line":293,"column":22},"end":{"line":334,"column":33}},"line":293}},"branchMap":{"0":{"loc":{"start":{"line":31,"column":4},"end":{"line":33,"column":5}},"type":"if","locations":[{"start":{"line":31,"column":4},"end":{"line":33,"column":5}},{"start":{},"end":{}}],"line":31},"1":{"loc":{"start":{"line":36,"column":2},"end":{"line":44,"column":3}},"type":"if","locations":[{"start":{"line":36,"column":2},"end":{"line":44,"column":3}},{"start":{},"end":{}}],"line":36},"2":{"loc":{"start":{"line":64,"column":2},"end":{"line":64,"column":58}},"type":"if","locations":[{"start":{"line":64,"column":2},"end":{"line":64,"column":58}},{"start":{},"end":{}}],"line":64},"3":{"loc":{"start":{"line":87,"column":7},"end":{"line":100,"column":7}},"type":"binary-expr","locations":[{"start":{"line":87,"column":7},"end":{"line":87,"column":12}},{"start":{"line":88,"column":8},"end":{"line":99,"column":15}}],"line":87},"4":{"loc":{"start":{"line":151,"column":39},"end":{"line":151,"column":126}},"type":"cond-expr","locations":[{"start":{"line":151,"column":53},"end":{"line":151,"column":62}},{"start":{"line":151,"column":65},"end":{"line":151,"column":126}}],"line":151},"5":{"loc":{"start":{"line":151,"column":65},"end":{"line":151,"column":126}},"type":"cond-expr","locations":[{"start":{"line":151,"column":79},"end":{"line":151,"column":88}},{"start":{"line":151,"column":91},"end":{"line":151,"column":126}}],"line":151},"6":{"loc":{"start":{"line":151,"column":91},"end":{"line":151,"column":126}},"type":"cond-expr","locations":[{"start":{"line":151,"column":105},"end":{"line":151,"column":114}},{"start":{"line":151,"column":117},"end":{"line":151,"column":126}}],"line":151},"7":{"loc":{"start":{"line":152,"column":37},"end":{"line":152,"column":68}},"type":"cond-expr","locations":[{"start":{"line":152,"column":49},"end":{"line":152,"column":56}},{"start":{"line":152,"column":59},"end":{"line":152,"column":68}}],"line":152},"8":{"loc":{"start":{"line":226,"column":34},"end":{"line":226,"column":74}},"type":"cond-expr","locations":[{"start":{"line":226,"column":48},"end":{"line":226,"column":63}},{"start":{"line":226,"column":66},"end":{"line":226,"column":74}}],"line":226},"9":{"loc":{"start":{"line":228,"column":39},"end":{"line":228,"column":126}},"type":"cond-expr","locations":[{"start":{"line":228,"column":53},"end":{"line":228,"column":62}},{"start":{"line":228,"column":65},"end":{"line":228,"column":126}}],"line":228},"10":{"loc":{"start":{"line":228,"column":65},"end":{"line":228,"column":126}},"type":"cond-expr","locations":[{"start":{"line":228,"column":79},"end":{"line":228,"column":88}},{"start":{"line":228,"column":91},"end":{"line":228,"column":126}}],"line":228},"11":{"loc":{"start":{"line":228,"column":91},"end":{"line":228,"column":126}},"type":"cond-expr","locations":[{"start":{"line":228,"column":105},"end":{"line":228,"column":114}},{"start":{"line":228,"column":117},"end":{"line":228,"column":126}}],"line":228},"12":{"loc":{"start":{"line":229,"column":37},"end":{"line":229,"column":68}},"type":"cond-expr","locations":[{"start":{"line":229,"column":49},"end":{"line":229,"column":56}},{"start":{"line":229,"column":59},"end":{"line":229,"column":68}}],"line":229},"13":{"loc":{"start":{"line":299,"column":35},"end":{"line":299,"column":71}},"type":"cond-expr","locations":[{"start":{"line":299,"column":53},"end":{"line":299,"column":59}},{"start":{"line":299,"column":62},"end":{"line":299,"column":71}}],"line":299},"14":{"loc":{"start":{"line":305,"column":35},"end":{"line":307,"column":96}},"type":"cond-expr","locations":[{"start":{"line":305,"column":72},"end":{"line":305,"column":86}},{"start":{"line":306,"column":35},"end":{"line":307,"column":96}}],"line":305},"15":{"loc":{"start":{"line":306,"column":35},"end":{"line":307,"column":96}},"type":"cond-expr","locations":[{"start":{"line":306,"column":65},"end":{"line":306,"column":72}},{"start":{"line":307,"column":35},"end":{"line":307,"column":96}}],"line":306},"16":{"loc":{"start":{"line":307,"column":35},"end":{"line":307,"column":96}},"type":"cond-expr","locations":[{"start":{"line":307,"column":67},"end":{"line":307,"column":77}},{"start":{"line":307,"column":80},"end":{"line":307,"column":96}}],"line":307},"17":{"loc":{"start":{"line":310,"column":39},"end":{"line":312,"column":92}},"type":"cond-expr","locations":[{"start":{"line":310,"column":76},"end":{"line":310,"column":85}},{"start":{"line":311,"column":39},"end":{"line":312,"column":92}}],"line":310},"18":{"loc":{"start":{"line":311,"column":39},"end":{"line":312,"column":92}},"type":"cond-expr","locations":[{"start":{"line":311,"column":69},"end":{"line":311,"column":78}},{"start":{"line":312,"column":39},"end":{"line":312,"column":92}}],"line":311},"19":{"loc":{"start":{"line":312,"column":39},"end":{"line":312,"column":92}},"type":"cond-expr","locations":[{"start":{"line":312,"column":71},"end":{"line":312,"column":80}},{"start":{"line":312,"column":83},"end":{"line":312,"column":92}}],"line":312},"20":{"loc":{"start":{"line":313,"column":37},"end":{"line":315,"column":87}},"type":"cond-expr","locations":[{"start":{"line":313,"column":74},"end":{"line":313,"column":83}},{"start":{"line":314,"column":37},"end":{"line":315,"column":87}}],"line":313},"21":{"loc":{"start":{"line":314,"column":37},"end":{"line":315,"column":87}},"type":"cond-expr","locations":[{"start":{"line":314,"column":67},"end":{"line":314,"column":76}},{"start":{"line":315,"column":37},"end":{"line":315,"column":87}}],"line":314},"22":{"loc":{"start":{"line":315,"column":37},"end":{"line":315,"column":87}},"type":"cond-expr","locations":[{"start":{"line":315,"column":69},"end":{"line":315,"column":78}},{"start":{"line":315,"column":81},"end":{"line":315,"column":87}}],"line":315},"23":{"loc":{"start":{"line":328,"column":39},"end":{"line":328,"column":113}},"type":"cond-expr","locations":[{"start":{"line":328,"column":60},"end":{"line":328,"column":69}},{"start":{"line":328,"column":72},"end":{"line":328,"column":113}}],"line":328},"24":{"loc":{"start":{"line":328,"column":72},"end":{"line":328,"column":113}},"type":"cond-expr","locations":[{"start":{"line":328,"column":92},"end":{"line":328,"column":101}},{"start":{"line":328,"column":104},"end":{"line":328,"column":113}}],"line":328},"25":{"loc":{"start":{"line":329,"column":37},"end":{"line":329,"column":111}},"type":"cond-expr","locations":[{"start":{"line":329,"column":58},"end":{"line":329,"column":67}},{"start":{"line":329,"column":70},"end":{"line":329,"column":111}}],"line":329},"26":{"loc":{"start":{"line":329,"column":70},"end":{"line":329,"column":111}},"type":"cond-expr","locations":[{"start":{"line":329,"column":90},"end":{"line":329,"column":99}},{"start":{"line":329,"column":102},"end":{"line":329,"column":111}}],"line":329}},"s":{"0":1,"1":3,"2":3,"3":3,"4":3,"5":3,"6":3,"7":3,"8":3,"9":0,"10":3,"11":3,"12":0,"13":0,"14":0,"15":0,"16":0,"17":0,"18":0,"19":0,"20":0,"21":0,"22":0,"23":0,"24":0,"25":0},"f":{"0":3,"1":3,"2":0,"3":0,"4":0,"5":0},"b":{"0":[0,3],"1":[3,0],"2":[0,0],"3":[0,0],"4":[0,0],"5":[0,0],"6":[0,0],"7":[0,0],"8":[0,0],"9":[0,0],"10":[0,0],"11":[0,0],"12":[0,0],"13":[0,0],"14":[0,0],"15":[0,0],"16":[0,0],"17":[0,0],"18":[0,0],"19":[0,0],"20":[0,0],"21":[0,0],"22":[0,0],"23":[0,0],"24":[0,0],"25":[0,0],"26":[0,0]},"_coverageSchema":"1a1c01bbd47fc00a2c39e90264f33305004495a9","hash":"116b5d2b4fb6f72a76802ae6123fee9f562a58e8"}
,"/Users/mateo.quintero/Documents/ecommerce-system/frontend/src/components/Users.tsx": {"path":"/Users/mateo.quintero/Documents/ecommerce-system/frontend/src/components/Users.tsx","statementMap":{"0":{"start":{"line":14,"column":24},"end":{"line":452,"column":1}},"1":{"start":{"line":15,"column":19},"end":{"line":15,"column":28}},"2":{"start":{"line":16,"column":28},"end":{"line":16,"column":48}},"3":{"start":{"line":17,"column":32},"end":{"line":17,"column":46}},"4":{"start":{"line":18,"column":28},"end":{"line":18,"column":40}},"5":{"start":{"line":19,"column":32},"end":{"line":19,"column":44}},"6":{"start":{"line":20,"column":30},"end":{"line":20,"column":45}},"7":{"start":{"line":21,"column":40},"end":{"line":21,"column":67}},"8":{"start":{"line":22,"column":34},"end":{"line":30,"column":4}},"9":{"start":{"line":32,"column":2},"end":{"line":36,"column":13}},"10":{"start":{"line":33,"column":4},"end":{"line":35,"column":5}},"11":{"start":{"line":34,"column":6},"end":{"line":34,"column":19}},"12":{"start":{"line":38,"column":2},"end":{"line":46,"column":3}},"13":{"start":{"line":39,"column":4},"end":{"line":45,"column":6}},"14":{"start":{"line":48,"column":21},"end":{"line":57,"column":3}},"15":{"start":{"line":49,"column":4},"end":{"line":56,"column":5}},"16":{"start":{"line":50,"column":23},"end":{"line":50,"column":55}},"17":{"start":{"line":51,"column":6},"end":{"line":51,"column":38}},"18":{"start":{"line":53,"column":6},"end":{"line":53,"column":38}},"19":{"start":{"line":55,"column":6},"end":{"line":55,"column":24}},"20":{"start":{"line":59,"column":23},"end":{"line":71,"column":3}},"21":{"start":{"line":60,"column":4},"end":{"line":60,"column":25}},"22":{"start":{"line":61,"column":4},"end":{"line":69,"column":7}},"23":{"start":{"line":70,"column":4},"end":{"line":70,"column":20}},"24":{"start":{"line":73,"column":21},"end":{"line":85,"column":3}},"25":{"start":{"line":74,"column":4},"end":{"line":74,"column":25}},"26":{"start":{"line":75,"column":4},"end":{"line":83,"column":7}},"27":{"start":{"line":84,"column":4},"end":{"line":84,"column":20}},"28":{"start":{"line":87,"column":21},"end":{"line":104,"column":3}},"29":{"start":{"line":88,"column":4},"end":{"line":103,"column":5}},"30":{"start":{"line":89,"column":6},"end":{"line":95,"column":7}},"31":{"start":{"line":90,"column":8},"end":{"line":90,"column":60}},"32":{"start":{"line":91,"column":8},"end":{"line":91,"column":55}},"33":{"start":{"line":93,"column":8},"end":{"line":93,"column":51}},"34":{"start":{"line":94,"column":8},"end":{"line":94,"column":50}},"35":{"start":{"line":96,"column":6},"end":{"line":96,"column":23}},"36":{"start":{"line":97,"column":6},"end":{"line":97,"column":19}},"37":{"start":{"line":98,"column":6},"end":{"line":98,"column":19}},"38":{"start":{"line":99,"column":6},"end":{"line":99,"column":45}},"39":{"start":{"line":99,"column":23},"end":{"line":99,"column":37}},"40":{"start":{"line":101,"column":6},"end":{"line":101,"column":67}},"41":{"start":{"line":102,"column":6},"end":{"line":102,"column":21}},"42":{"start":{"line":106,"column":23},"end":{"line":119,"column":3}},"43":{"start":{"line":107,"column":4},"end":{"line":118,"column":5}},"44":{"start":{"line":108,"column":6},"end":{"line":117,"column":7}},"45":{"start":{"line":109,"column":8},"end":{"line":109,"column":45}},"46":{"start":{"line":110,"column":8},"end":{"line":110,"column":53}},"47":{"start":{"line":111,"column":8},"end":{"line":111,"column":21}},"48":{"start":{"line":112,"column":8},"end":{"line":112,"column":21}},"49":{"start":{"line":113,"column":8},"end":{"line":113,"column":47}},"50":{"start":{"line":113,"column":25},"end":{"line":113,"column":39}},"51":{"start":{"line":115,"column":8},"end":{"line":115,"column":40}},"52":{"start":{"line":116,"column":8},"end":{"line":116,"column":23}},"53":{"start":{"line":121,"column":2},"end":{"line":121,"column":58}},"54":{"start":{"line":121,"column":15},"end":{"line":121,"column":58}},"55":{"start":{"line":123,"column":2},"end":{"line":451,"column":4}},"56":{"start":{"line":217,"column":14},"end":{"line":295,"column":25}},"57":{"start":{"line":264,"column":37},"end":{"line":264,"column":50}},"58":{"start":{"line":279,"column":37},"end":{"line":279,"column":55}},"59":{"start":{"line":303,"column":23},"end":{"line":303,"column":39}},"60":{"start":{"line":330,"column":29},"end":{"line":330,"column":81}},"61":{"start":{"line":345,"column":29},"end":{"line":345,"column":78}},"62":{"start":{"line":360,"column":29},"end":{"line":360,"column":81}},"63":{"start":{"line":374,"column":29},"end":{"line":374,"column":82}},"64":{"start":{"line":388,"column":29},"end":{"line":388,"column":81}},"65":{"start":{"line":403,"column":31},"end":{"line":403,"column":103}},"66":{"start":{"line":413,"column":31},"end":{"line":413,"column":104}},"67":{"start":{"line":422,"column":27},"end":{"line":422,"column":43}}},"fnMap":{"0":{"name":"(anonymous_0)","decl":{"start":{"line":14,"column":24},"end":{"line":14,"column":25}},"loc":{"start":{"line":14,"column":30},"end":{"line":452,"column":1}},"line":14},"1":{"name":"(anonymous_1)","decl":{"start":{"line":32,"column":12},"end":{"line":32,"column":13}},"loc":{"start":{"line":32,"column":18},"end":{"line":36,"column":3}},"line":32},"2":{"name":"(anonymous_2)","decl":{"start":{"line":48,"column":21},"end":{"line":48,"column":22}},"loc":{"start":{"line":48,"column":33},"end":{"line":57,"column":3}},"line":48},"3":{"name":"(anonymous_3)","decl":{"start":{"line":59,"column":23},"end":{"line":59,"column":24}},"loc":{"start":{"line":59,"column":29},"end":{"line":71,"column":3}},"line":59},"4":{"name":"(anonymous_4)","decl":{"start":{"line":73,"column":21},"end":{"line":73,"column":22}},"loc":{"start":{"line":73,"column":37},"end":{"line":85,"column":3}},"line":73},"5":{"name":"(anonymous_5)","decl":{"start":{"line":87,"column":21},"end":{"line":87,"column":22}},"loc":{"start":{"line":87,"column":33},"end":{"line":104,"column":3}},"line":87},"6":{"name":"(anonymous_6)","decl":{"start":{"line":99,"column":17},"end":{"line":99,"column":18}},"loc":{"start":{"line":99,"column":23},"end":{"line":99,"column":37}},"line":99},"7":{"name":"(anonymous_7)","decl":{"start":{"line":106,"column":23},"end":{"line":106,"column":24}},"loc":{"start":{"line":106,"column":49},"end":{"line":119,"column":3}},"line":106},"8":{"name":"(anonymous_8)","decl":{"start":{"line":113,"column":19},"end":{"line":113,"column":20}},"loc":{"start":{"line":113,"column":25},"end":{"line":113,"column":39}},"line":113},"9":{"name":"(anonymous_9)","decl":{"start":{"line":216,"column":23},"end":{"line":216,"column":24}},"loc":{"start":{"line":217,"column":14},"end":{"line":295,"column":25}},"line":217},"10":{"name":"(anonymous_10)","decl":{"start":{"line":264,"column":31},"end":{"line":264,"column":32}},"loc":{"start":{"line":264,"column":37},"end":{"line":264,"column":50}},"line":264},"11":{"name":"(anonymous_11)","decl":{"start":{"line":279,"column":31},"end":{"line":279,"column":32}},"loc":{"start":{"line":279,"column":37},"end":{"line":279,"column":55}},"line":279},"12":{"name":"(anonymous_12)","decl":{"start":{"line":303,"column":17},"end":{"line":303,"column":18}},"loc":{"start":{"line":303,"column":23},"end":{"line":303,"column":39}},"line":303},"13":{"name":"(anonymous_13)","decl":{"start":{"line":330,"column":22},"end":{"line":330,"column":23}},"loc":{"start":{"line":330,"column":29},"end":{"line":330,"column":81}},"line":330},"14":{"name":"(anonymous_14)","decl":{"start":{"line":345,"column":22},"end":{"line":345,"column":23}},"loc":{"start":{"line":345,"column":29},"end":{"line":345,"column":78}},"line":345},"15":{"name":"(anonymous_15)","decl":{"start":{"line":360,"column":22},"end":{"line":360,"column":23}},"loc":{"start":{"line":360,"column":29},"end":{"line":360,"column":81}},"line":360},"16":{"name":"(anonymous_16)","decl":{"start":{"line":374,"column":22},"end":{"line":374,"column":23}},"loc":{"start":{"line":374,"column":29},"end":{"line":374,"column":82}},"line":374},"17":{"name":"(anonymous_17)","decl":{"start":{"line":388,"column":22},"end":{"line":388,"column":23}},"loc":{"start":{"line":388,"column":29},"end":{"line":388,"column":81}},"line":388},"18":{"name":"(anonymous_18)","decl":{"start":{"line":403,"column":24},"end":{"line":403,"column":25}},"loc":{"start":{"line":403,"column":31},"end":{"line":403,"column":103}},"line":403},"19":{"name":"(anonymous_19)","decl":{"start":{"line":413,"column":24},"end":{"line":413,"column":25}},"loc":{"start":{"line":413,"column":31},"end":{"line":413,"column":104}},"line":413},"20":{"name":"(anonymous_20)","decl":{"start":{"line":422,"column":21},"end":{"line":422,"column":22}},"loc":{"start":{"line":422,"column":27},"end":{"line":422,"column":43}},"line":422}},"branchMap":{"0":{"loc":{"start":{"line":33,"column":4},"end":{"line":35,"column":5}},"type":"if","locations":[{"start":{"line":33,"column":4},"end":{"line":35,"column":5}},{"start":{},"end":{}}],"line":33},"1":{"loc":{"start":{"line":38,"column":2},"end":{"line":46,"column":3}},"type":"if","locations":[{"start":{"line":38,"column":2},"end":{"line":46,"column":3}},{"start":{},"end":{}}],"line":38},"2":{"loc":{"start":{"line":89,"column":6},"end":{"line":95,"column":7}},"type":"if","locations":[{"start":{"line":89,"column":6},"end":{"line":95,"column":7}},{"start":{"line":92,"column":13},"end":{"line":95,"column":7}}],"line":89},"3":{"loc":{"start":{"line":101,"column":15},"end":{"line":101,"column":65}},"type":"binary-expr","locations":[{"start":{"line":101,"column":15},"end":{"line":101,"column":42}},{"start":{"line":101,"column":46},"end":{"line":101,"column":65}}],"line":101},"4":{"loc":{"start":{"line":107,"column":4},"end":{"line":118,"column":5}},"type":"if","locations":[{"start":{"line":107,"column":4},"end":{"line":118,"column":5}},{"start":{},"end":{}}],"line":107},"5":{"loc":{"start":{"line":121,"column":2},"end":{"line":121,"column":58}},"type":"if","locations":[{"start":{"line":121,"column":2},"end":{"line":121,"column":58}},{"start":{},"end":{}}],"line":121},"6":{"loc":{"start":{"line":167,"column":7},"end":{"line":180,"column":7}},"type":"binary-expr","locations":[{"start":{"line":167,"column":7},"end":{"line":167,"column":14}},{"start":{"line":168,"column":8},"end":{"line":179,"column":15}}],"line":167},"7":{"loc":{"start":{"line":181,"column":7},"end":{"line":194,"column":7}},"type":"binary-expr","locations":[{"start":{"line":181,"column":7},"end":{"line":181,"column":12}},{"start":{"line":182,"column":8},"end":{"line":193,"column":15}}],"line":181},"8":{"loc":{"start":{"line":226,"column":27},"end":{"line":226,"column":63}},"type":"cond-expr","locations":[{"start":{"line":226,"column":45},"end":{"line":226,"column":51}},{"start":{"line":226,"column":54},"end":{"line":226,"column":63}}],"line":226},"9":{"loc":{"start":{"line":241,"column":27},"end":{"line":241,"column":75}},"type":"cond-expr","locations":[{"start":{"line":241,"column":48},"end":{"line":241,"column":63}},{"start":{"line":241,"column":66},"end":{"line":241,"column":75}}],"line":241},"10":{"loc":{"start":{"line":243,"column":31},"end":{"line":243,"column":73}},"type":"cond-expr","locations":[{"start":{"line":243,"column":52},"end":{"line":243,"column":61}},{"start":{"line":243,"column":64},"end":{"line":243,"column":73}}],"line":243},"11":{"loc":{"start":{"line":244,"column":29},"end":{"line":244,"column":71}},"type":"cond-expr","locations":[{"start":{"line":244,"column":50},"end":{"line":244,"column":59}},{"start":{"line":244,"column":62},"end":{"line":244,"column":71}}],"line":244},"12":{"loc":{"start":{"line":252,"column":27},"end":{"line":252,"column":61}},"type":"cond-expr","locations":[{"start":{"line":252,"column":50},"end":{"line":252,"column":54}},{"start":{"line":252,"column":57},"end":{"line":252,"column":61}}],"line":252},"13":{"loc":{"start":{"line":254,"column":31},"end":{"line":254,"column":75}},"type":"cond-expr","locations":[{"start":{"line":254,"column":54},"end":{"line":254,"column":63}},{"start":{"line":254,"column":66},"end":{"line":254,"column":75}}],"line":254},"14":{"loc":{"start":{"line":255,"column":29},"end":{"line":255,"column":73}},"type":"cond-expr","locations":[{"start":{"line":255,"column":52},"end":{"line":255,"column":61}},{"start":{"line":255,"column":64},"end":{"line":255,"column":73}}],"line":255},"15":{"loc":{"start":{"line":324,"column":11},"end":{"line":324,"column":59}},"type":"cond-expr","locations":[{"start":{"line":324,"column":25},"end":{"line":324,"column":41}},{"start":{"line":324,"column":44},"end":{"line":324,"column":59}}],"line":324},"16":{"loc":{"start":{"line":357,"column":19},"end":{"line":357,"column":77}},"type":"cond-expr","locations":[{"start":{"line":357,"column":33},"end":{"line":357,"column":62}},{"start":{"line":357,"column":65},"end":{"line":357,"column":77}}],"line":357},"17":{"loc":{"start":{"line":412,"column":21},"end":{"line":412,"column":67}},"type":"cond-expr","locations":[{"start":{"line":412,"column":51},"end":{"line":412,"column":57}},{"start":{"line":412,"column":60},"end":{"line":412,"column":67}}],"line":412},"18":{"loc":{"start":{"line":446,"column":13},"end":{"line":446,"column":49}},"type":"cond-expr","locations":[{"start":{"line":446,"column":27},"end":{"line":446,"column":39}},{"start":{"line":446,"column":42},"end":{"line":446,"column":49}}],"line":446}},"s":{"0":1,"1":3,"2":3,"3":3,"4":3,"5":3,"6":3,"7":3,"8":3,"9":3,"10":3,"11":0,"12":3,"13":3,"14":0,"15":0,"16":0,"17":0,"18":0,"19":0,"20":0,"21":0,"22":0,"23":0,"24":0,"25":0,"26":0,"27":0,"28":0,"29":0,"30":0,"31":0,"32":0,"33":0,"34":0,"35":0,"36":0,"37":0,"38":0,"39":0,"40":0,"41":0,"42":0,"43":0,"44":0,"45":0,"46":0,"47":0,"48":0,"49":0,"50":0,"51":0,"52":0,"53":0,"54":0,"55":0,"56":0,"57":0,"58":0,"59":0,"60":0,"61":0,"62":0,"63":0,"64":0,"65":0,"66":0,"67":0},"f":{"0":3,"1":3,"2":0,"3":0,"4":0,"5":0,"6":0,"7":0,"8":0,"9":0,"10":0,"11":0,"12":0,"13":0,"14":0,"15":0,"16":0,"17":0,"18":0,"19":0,"20":0},"b":{"0":[0,3],"1":[3,0],"2":[0,0],"3":[0,0],"4":[0,0],"5":[0,0],"6":[0,0],"7":[0,0],"8":[0,0],"9":[0,0],"10":[0,0],"11":[0,0],"12":[0,0],"13":[0,0],"14":[0,0],"15":[0,0],"16":[0,0],"17":[0,0],"18":[0,0]},"_coverageSchema":"1a1c01bbd47fc00a2c39e90264f33305004495a9","hash":"5b40279f0fe7c0f6909cd9d6e9720d1932261846"}
,"/Users/mateo.quintero/Documents/ecommerce-system/frontend/src/hooks/useAuth.tsx": {"path":"/Users/mateo.quintero/Documents/ecommerce-system/frontend/src/hooks/useAuth.tsx","statementMap":{"0":{"start":{"line":13,"column":20},"end":{"line":13,"column":73}},"1":{"start":{"line":15,"column":28},"end":{"line":47,"column":1}},"2":{"start":{"line":16,"column":26},"end":{"line":16,"column":60}},"3":{"start":{"line":18,"column":2},"end":{"line":24,"column":9}},"4":{"start":{"line":19,"column":18},"end":{"line":19,"column":47}},"5":{"start":{"line":20,"column":21},"end":{"line":20,"column":56}},"6":{"start":{"line":21,"column":4},"end":{"line":23,"column":5}},"7":{"start":{"line":22,"column":6},"end":{"line":22,"column":36}},"8":{"start":{"line":26,"column":16},"end":{"line":31,"column":3}},"9":{"start":{"line":27,"column":21},"end":{"line":27,"column":53}},"10":{"start":{"line":28,"column":4},"end":{"line":28,"column":50}},"11":{"start":{"line":29,"column":4},"end":{"line":29,"column":66}},"12":{"start":{"line":30,"column":4},"end":{"line":30,"column":22}},"13":{"start":{"line":33,"column":17},"end":{"line":37,"column":3}},"14":{"start":{"line":34,"column":4},"end":{"line":34,"column":37}},"15":{"start":{"line":35,"column":4},"end":{"line":35,"column":43}},"16":{"start":{"line":36,"column":4},"end":{"line":36,"column":18}},"17":{"start":{"line":39,"column":26},"end":{"line":39,"column":32}},"18":{"start":{"line":40,"column":18},"end":{"line":40,"column":45}},"19":{"start":{"line":42,"column":2},"end":{"line":46,"column":4}},"20":{"start":{"line":49,"column":23},"end":{"line":55,"column":1}},"21":{"start":{"line":50,"column":18},"end":{"line":50,"column":41}},"22":{"start":{"line":51,"column":2},"end":{"line":53,"column":3}},"23":{"start":{"line":52,"column":4},"end":{"line":52,"column":64}},"24":{"start":{"line":54,"column":2},"end":{"line":54,"column":17}}},"fnMap":{"0":{"name":"(anonymous_0)","decl":{"start":{"line":15,"column":28},"end":{"line":15,"column":29}},"loc":{"start":{"line":15,"column":71},"end":{"line":47,"column":1}},"line":15},"1":{"name":"(anonymous_1)","decl":{"start":{"line":18,"column":12},"end":{"line":18,"column":13}},"loc":{"start":{"line":18,"column":18},"end":{"line":24,"column":3}},"line":18},"2":{"name":"(anonymous_2)","decl":{"start":{"line":26,"column":16},"end":{"line":26,"column":17}},"loc":{"start":{"line":26,"column":53},"end":{"line":31,"column":3}},"line":26},"3":{"name":"(anonymous_3)","decl":{"start":{"line":33,"column":17},"end":{"line":33,"column":18}},"loc":{"start":{"line":33,"column":23},"end":{"line":37,"column":3}},"line":33},"4":{"name":"(anonymous_4)","decl":{"start":{"line":49,"column":23},"end":{"line":49,"column":24}},"loc":{"start":{"line":49,"column":29},"end":{"line":55,"column":1}},"line":49}},"branchMap":{"0":{"loc":{"start":{"line":21,"column":4},"end":{"line":23,"column":5}},"type":"if","locations":[{"start":{"line":21,"column":4},"end":{"line":23,"column":5}},{"start":{},"end":{}}],"line":21},"1":{"loc":{"start":{"line":21,"column":8},"end":{"line":21,"column":25}},"type":"binary-expr","locations":[{"start":{"line":21,"column":8},"end":{"line":21,"column":13}},{"start":{"line":21,"column":17},"end":{"line":21,"column":25}}],"line":21},"2":{"loc":{"start":{"line":51,"column":2},"end":{"line":53,"column":3}},"type":"if","locations":[{"start":{"line":51,"column":2},"end":{"line":53,"column":3}},{"start":{},"end":{}}],"line":51}},"s":{"0":9,"1":9,"2":41,"3":41,"4":25,"5":25,"6":25,"7":14,"8":41,"9":1,"10":1,"11":1,"12":1,"13":41,"14":1,"15":1,"16":1,"17":41,"18":41,"19":41,"20":9,"21":48,"22":47,"23":0,"24":47},"f":{"0":41,"1":25,"2":1,"3":1,"4":48},"b":{"0":[14,11],"1":[25,14],"2":[0,47]},"_coverageSchema":"1a1c01bbd47fc00a2c39e90264f33305004495a9","hash":"1683bc38c72a777acbc39a34d5165ecce118d830"}
,"/Users/mateo.quintero/Documents/ecommerce-system/frontend/src/pages/Login.tsx": {"path":"/Users/mateo.quintero/Documents/ecommerce-system/frontend/src/pages/Login.tsx","statementMap":{"0":{"start":{"line":19,"column":24},"end":{"line":224,"column":1}},"1":{"start":{"line":20,"column":34},"end":{"line":20,"column":46}},"2":{"start":{"line":21,"column":34},"end":{"line":21,"column":46}},"3":{"start":{"line":22,"column":28},"end":{"line":22,"column":40}},"4":{"start":{"line":23,"column":32},"end":{"line":23,"column":47}},"5":{"start":{"line":24,"column":42},"end":{"line":24,"column":57}},"6":{"start":{"line":26,"column":20},"end":{"line":26,"column":29}},"7":{"start":{"line":27,"column":19},"end":{"line":27,"column":32}},"8":{"start":{"line":29,"column":23},"end":{"line":42,"column":3}},"9":{"start":{"line":30,"column":4},"end":{"line":30,"column":23}},"10":{"start":{"line":31,"column":4},"end":{"line":31,"column":21}},"11":{"start":{"line":32,"column":4},"end":{"line":32,"column":17}},"12":{"start":{"line":34,"column":4},"end":{"line":41,"column":5}},"13":{"start":{"line":35,"column":6},"end":{"line":35,"column":42}},"14":{"start":{"line":36,"column":6},"end":{"line":36,"column":28}},"15":{"start":{"line":38,"column":6},"end":{"line":38,"column":74}},"16":{"start":{"line":40,"column":6},"end":{"line":40,"column":24}},"17":{"start":{"line":44,"column":2},"end":{"line":223,"column":4}},"18":{"start":{"line":116,"column":33},"end":{"line":116,"column":60}},"19":{"start":{"line":142,"column":33},"end":{"line":142,"column":60}},"20":{"start":{"line":155,"column":39},"end":{"line":155,"column":69}}},"fnMap":{"0":{"name":"(anonymous_0)","decl":{"start":{"line":19,"column":24},"end":{"line":19,"column":25}},"loc":{"start":{"line":19,"column":30},"end":{"line":224,"column":1}},"line":19},"1":{"name":"(anonymous_1)","decl":{"start":{"line":29,"column":23},"end":{"line":29,"column":24}},"loc":{"start":{"line":29,"column":53},"end":{"line":42,"column":3}},"line":29},"2":{"name":"(anonymous_2)","decl":{"start":{"line":116,"column":26},"end":{"line":116,"column":27}},"loc":{"start":{"line":116,"column":33},"end":{"line":116,"column":60}},"line":116},"3":{"name":"(anonymous_3)","decl":{"start":{"line":142,"column":26},"end":{"line":142,"column":27}},"loc":{"start":{"line":142,"column":33},"end":{"line":142,"column":60}},"line":142},"4":{"name":"(anonymous_4)","decl":{"start":{"line":155,"column":33},"end":{"line":155,"column":34}},"loc":{"start":{"line":155,"column":39},"end":{"line":155,"column":69}},"line":155}},"branchMap":{"0":{"loc":{"start":{"line":96,"column":13},"end":{"line":109,"column":13}},"type":"binary-expr","locations":[{"start":{"line":96,"column":13},"end":{"line":96,"column":18}},{"start":{"line":97,"column":14},"end":{"line":108,"column":21}}],"line":96},"1":{"loc":{"start":{"line":140,"column":22},"end":{"line":140,"column":56}},"type":"cond-expr","locations":[{"start":{"line":140,"column":37},"end":{"line":140,"column":43}},{"start":{"line":140,"column":46},"end":{"line":140,"column":56}}],"line":140},"2":{"loc":{"start":{"line":158,"column":25},"end":{"line":158,"column":74}},"type":"cond-expr","locations":[{"start":{"line":158,"column":40},"end":{"line":158,"column":57}},{"start":{"line":158,"column":60},"end":{"line":158,"column":74}}],"line":158},"3":{"loc":{"start":{"line":199,"column":17},"end":{"line":199,"column":67}},"type":"cond-expr","locations":[{"start":{"line":199,"column":27},"end":{"line":199,"column":48}},{"start":{"line":199,"column":51},"end":{"line":199,"column":67}}],"line":199}},"s":{"0":1,"1":3,"2":3,"3":3,"4":3,"5":3,"6":3,"7":3,"8":3,"9":0,"10":0,"11":0,"12":0,"13":0,"14":0,"15":0,"16":0,"17":3,"18":0,"19":0,"20":0},"f":{"0":3,"1":0,"2":0,"3":0,"4":0},"b":{"0":[3,0],"1":[0,3],"2":[0,3],"3":[0,3]},"_coverageSchema":"1a1c01bbd47fc00a2c39e90264f33305004495a9","hash":"3dcde335d07462272b4045390f7e5a67ca66eaed"}
[...]
":{"line":495,"column":64}},"79":{"start":{"line":528,"column":42},"end":{"line":528,"column":58}},"80":{"start":{"line":531,"column":14},"end":{"line":531,"column":59}},"81":{"start":{"line":532,"column":14},"end":{"line":532,"column":25}},"82":{"start":{"line":539,"column":48},"end":{"line":539,"column":67}},"83":{"start":{"line":555,"column":31},"end":{"line":555,"column":66}},"84":{"start":{"line":562,"column":35},"end":{"line":562,"column":54}},"85":{"start":{"line":568,"column":51},"end":{"line":568,"column":73}},"86":{"start":{"line":574,"column":31},"end":{"line":574,"column":83}},"87":{"start":{"line":582,"column":31},"end":{"line":582,"column":87}},"88":{"start":{"line":594,"column":31},"end":{"line":594,"column":84}},"89":{"start":{"line":603,"column":31},"end":{"line":603,"column":84}},"90":{"start":{"line":610,"column":35},"end":{"line":610,"column":57}}},"fnMap":{"0":{"name":"(anonymous_0)","decl":{"start":{"line":40,"column":27},"end":{"line":40,"column":28}},"loc":{"start":{"line":40,"column":33},"end":{"line":618,"column":1}},"line":40},"1":{"name":"(anonymous_1)","decl":{"start":{"line":68,"column":12},"end":{"line":68,"column":13}},"loc":{"start":{"line":68,"column":18},"end":{"line":70,"column":3}},"line":68},"2":{"name":"(anonymous_2)","decl":{"start":{"line":72,"column":23},"end":{"line":72,"column":24}},"loc":{"start":{"line":72,"column":35},"end":{"line":80,"column":3}},"line":72},"3":{"name":"(anonymous_3)","decl":{"start":{"line":82,"column":23},"end":{"line":82,"column":24}},"loc":{"start":{"line":82,"column":35},"end":{"line":91,"column":3}},"line":82},"4":{"name":"(anonymous_4)","decl":{"start":{"line":93,"column":22},"end":{"line":93,"column":23}},"loc":{"start":{"line":93,"column":28},"end":{"line":97,"column":3}},"line":93},"5":{"name":"(anonymous_5)","decl":{"start":{"line":99,"column":23},"end":{"line":99,"column":24}},"loc":{"start":{"line":99,"column":29},"end":{"line":102,"column":3}},"line":99},"6":{"name":"(anonymous_6)","decl":{"start":{"line":104,"column":25},"end":{"line":104,"column":26}},"loc":{"start":{"line":104,"column":47},"end":{"line":108,"column":3}},"line":104},"7":{"name":"(anonymous_7)","decl":{"start":{"line":110,"column":27},"end":{"line":110,"column":28}},"loc":{"start":{"line":110,"column":39},"end":{"line":130,"column":3}},"line":110},"8":{"name":"(anonymous_8)","decl":{"start":{"line":123,"column":17},"end":{"line":123,"column":18}},"loc":{"start":{"line":123,"column":23},"end":{"line":123,"column":37}},"line":123},"9":{"name":"(anonymous_9)","decl":{"start":{"line":128,"column":17},"end":{"line":128,"column":18}},"loc":{"start":{"line":128,"column":23},"end":{"line":128,"column":35}},"line":128},"10":{"name":"(anonymous_10)","decl":{"start":{"line":132,"column":30},"end":{"line":132,"column":31}},"loc":{"start":{"line":132,"column":42},"end":{"line":152,"column":3}},"line":132},"11":{"name":"(anonymous_11)","decl":{"start":{"line":145,"column":17},"end":{"line":145,"column":18}},"loc":{"start":{"line":145,"column":23},"end":{"line":145,"column":37}},"line":145},"12":{"name":"(anonymous_12)","decl":{"start":{"line":150,"column":17},"end":{"line":150,"column":18}},"loc":{"start":{"line":150,"column":23},"end":{"line":150,"column":35}},"line":150},"13":{"name":"(anonymous_13)","decl":{"start":{"line":223,"column":25},"end":{"line":223,"column":26}},"loc":{"start":{"line":223,"column":31},"end":{"line":223,"column":52}},"line":223},"14":{"name":"(anonymous_14)","decl":{"start":{"line":275,"column":26},"end":{"line":275,"column":27}},"loc":{"start":{"line":275,"column":33},"end":{"line":275,"column":89}},"line":275},"15":{"name":"(anonymous_15)","decl":{"start":{"line":300,"column":26},"end":{"line":300,"column":27}},"loc":{"start":{"line":300,"column":33},"end":{"line":300,"column":93}},"line":300},"16":{"name":"(anonymous_16)","decl":{"start":{"line":327,"column":26},"end":{"line":327,"column":27}},"loc":{"start":{"line":327,"column":33},"end":{"line":327,"column":93}},"line":327},"17":{"name":"(anonymous_17)","decl":{"start":{"line":349,"column":26},"end":{"line":349,"column":27}},"loc":{"start":{"line":349,"column":33},"end":{"line":349,"column":93}},"line":349},"18":{"name":"(anonymous_18)","decl":{"start":{"line":444,"column":30},"end":{"line":444,"column":31}},"loc":{"start":{"line":445,"column":18},"end":{"line":518,"column":29}},"line":445},"19":{"name":"(anonymous_19)","decl":{"start":{"line":495,"column":35},"end":{"line":495,"column":36}},"loc":{"start":{"line":495,"column":41},"end":{"line":495,"column":64}},"line":495},"20":{"name":"(anonymous_20)","decl":{"start":{"line":528,"column":26},"end":{"line":528,"column":27}},"loc":{"start":{"line":528,"column":42},"end":{"line":528,"column":58}},"line":528},"21":{"name":"(anonymous_21)","decl":{"start":{"line":530,"column":33},"end":{"line":530,"column":34}},"loc":{"start":{"line":530,"column":40},"end":{"line":533,"column":13}},"line":530},"22":{"name":"(anonymous_22)","decl":{"start":{"line":539,"column":42},"end":{"line":539,"column":43}},"loc":{"start":{"line":539,"column":48},"end":{"line":539,"column":67}},"line":539},"23":{"name":"(anonymous_23)","decl":{"start":{"line":555,"column":24},"end":{"line":555,"column":25}},"loc":{"start":{"line":555,"column":31},"end":{"line":555,"column":66}},"line":555},"24":{"name":"(anonymous_24)","decl":{"start":{"line":562,"column":29},"end":{"line":562,"column":30}},"loc":{"start":{"line":562,"column":35},"end":{"line":562,"column":54}},"line":562},"25":{"name":"(anonymous_25)","decl":{"start":{"line":568,"column":45},"end":{"line":568,"column":46}},"loc":{"start":{"line":568,"column":51},"end":{"line":568,"column":73}},"line":568},"26":{"name":"(anonymous_26)","decl":{"start":{"line":574,"column":24},"end":{"line":574,"column":25}},"loc":{"start":{"line":574,"column":31},"end":{"line":574,"column":83}},"line":574},"27":{"name":"(anonymous_27)","decl":{"start":{"line":582,"column":24},"end":{"line":582,"column":25}},"loc":{"start":{"line":582,"column":31},"end":{"line":582,"column":87}},"line":582},"28":{"name":"(anonymous_28)","decl":{"start":{"line":594,"column":24},"end":{"line":594,"column":25}},"loc":{"start":{"line":594,"column":31},"end":{"line":594,"column":84}},"line":594},"29":{"name":"(anonymous_29)","decl":{"start":{"line":603,"column":24},"end":{"line":603,"column":25}},"loc":{"start":{"line":603,"column":31},"end":{"line":603,"column":84}},"line":603},"30":{"name":"(anonymous_30)","decl":{"start":{"line":610,"column":29},"end":{"line":610,"column":30}},"loc":{"start":{"line":610,"column":35},"end":{"line":610,"column":57}},"line":610}},"branchMap":{"0":{"loc":{"start":{"line":111,"column":4},"end":{"line":111,"column":42}},"type":"if","locations":[{"start":{"line":111,"column":4},"end":{"line":111,"column":42}},{"start":{},"end":{}}],"line":111},"1":{"loc":{"start":{"line":111,"column":8},"end":{"line":111,"column":33}},"type":"binary-expr","locations":[{"start":{"line":111,"column":8},"end":{"line":111,"column":24}},{"start":{"line":111,"column":28},"end":{"line":111,"column":33}}],"line":111},"2":{"loc":{"start":{"line":125,"column":27},"end":{"line":125,"column":95}},"type":"binary-expr","locations":[{"start":{"line":125,"column":27},"end":{"line":125,"column":54}},{"start":{"line":125,"column":58},"end":{"line":125,"column":69}},{"start":{"line":125,"column":73},"end":{"line":125,"column":95}}],"line":125},"3":{"loc":{"start":{"line":147,"column":27},"end":{"line":147,"column":97}},"type":"binary-expr","locations":[{"start":{"line":147,"column":27},"end":{"line":147,"column":54}},{"start":{"line":147,"column":58},"end":{"line":147,"column":69}},{"start":{"line":147,"column":73},"end":{"line":147,"column":97}}],"line":147},"4":{"loc":{"start":{"line":188,"column":11},"end":{"line":201,"column":11}},"type":"binary-expr","locations":[{"start":{"line":188,"column":11},"end":{"line":188,"column":18}},{"start":{"line":189,"column":12},"end":{"line":200,"column":19}}],"line":188},"5":{"loc":{"start":{"line":202,"column":11},"end":{"line":215,"column":11}},"type":"binary-expr","locations":[{"start":{"line":202,"column":11},"end":{"line":202,"column":16}},{"start":{"line":203,"column":12},"end":{"line":214,"column":19}}],"line":202},"6":{"loc":{"start":{"line":217,"column":11},"end":{"line":242,"column":11}},"type":"binary-expr","locations":[{"start":{"line":217,"column":11},"end":{"line":217,"column":33}},{"start":{"line":218,"column":12},"end":{"line":241,"column":18}}],"line":217},"7":{"loc":{"start":{"line":440,"column":19},"end":{"line":440,"column":119}},"type":"binary-expr","locations":[{"start":{"line":440,"column":19},"end":{"line":440,"column":41}},{"start":{"line":440,"column":45},"end":{"line":440,"column":119}}],"line":440},"8":{"loc":{"start":{"line":454,"column":31},"end":{"line":454,"column":67}},"type":"cond-expr","locations":[{"start":{"line":454,"column":49},"end":{"line":454,"column":55}},{"start":{"line":454,"column":58},"end":{"line":454,"column":67}}],"line":454},"9":{"loc":{"start":{"line":460,"column":31},"end":{"line":462,"column":92}},"type":"cond-expr","locations":[{"start":{"line":460,"column":68},"end":{"line":460,"column":82}},{"start":{"line":461,"column":31},"end":{"line":462,"column":92}}],"line":460},"10":{"loc":{"start":{"line":461,"column":31},"end":{"line":462,"column":92}},"type":"cond-expr","locations":[{"start":{"line":461,"column":61},"end":{"line":461,"column":68}},{"start":{"line":462,"column":31},"end":{"line":462,"column":92}}],"line":461},"11":{"loc":{"start":{"line":462,"column":31},"end":{"line":462,"column":92}},"type":"cond-expr","locations":[{"start":{"line":462,"column":63},"end":{"line":462,"column":73}},{"start":{"line":462,"column":76},"end":{"line":462,"column":92}}],"line":462},"12":{"loc":{"start":{"line":465,"column":35},"end":{"line":467,"column":88}},"type":"cond-expr","locations":[{"start":{"line":465,"column":72},"end":{"line":465,"column":81}},{"start":{"line":466,"column":35},"end":{"line":467,"column":88}}],"line":465},"13":{"loc":{"start":{"line":466,"column":35},"end":{"line":467,"column":88}},"type":"cond-expr","locations":[{"start":{"line":466,"column":65},"end":{"line":466,"column":74}},{"start":{"line":467,"column":35},"end":{"line":467,"column":88}}],"line":466},"14":{"loc":{"start":{"line":467,"column":35},"end":{"line":467,"column":88}},"type":"cond-expr","locations":[{"start":{"line":467,"column":67},"end":{"line":467,"column":76}},{"start":{"line":467,"column":79},"end":{"line":467,"column":88}}],"line":467},"15":{"loc":{"start":{"line":468,"column":33},"end":{"line":470,"column":83}},"type":"cond-expr","locations":[{"start":{"line":468,"column":70},"end":{"line":468,"column":79}},{"start":{"line":469,"column":33},"end":{"line":470,"column":83}}],"line":468},"16":{"loc":{"start":{"line":469,"column":33},"end":{"line":470,"column":83}},"type":"cond-expr","locations":[{"start":{"line":469,"column":63},"end":{"line":469,"column":72}},{"start":{"line":470,"column":33},"end":{"line":470,"column":83}}],"line":469},"17":{"loc":{"start":{"line":470,"column":33},"end":{"line":470,"column":83}},"type":"cond-expr","locations":[{"start":{"line":470,"column":65},"end":{"line":470,"column":74}},{"start":{"line":470,"column":77},"end":{"line":470,"column":83}}],"line":470},"18":{"loc":{"start":{"line":483,"column":35},"end":{"line":483,"column":109}},"type":"cond-expr","locations":[{"start":{"line":483,"column":56},"end":{"line":483,"column":65}},{"start":{"line":483,"column":68},"end":{"line":483,"column":109}}],"line":483},"19":{"loc":{"start":{"line":483,"column":68},"end":{"line":483,"column":109}},"type":"cond-expr","locations":[{"start":{"line":483,"column":88},"end":{"line":483,"column":97}},{"start":{"line":483,"column":100},"end":{"line":483,"column":109}}],"line":483},"20":{"loc":{"start":{"line":484,"column":33},"end":{"line":484,"column":107}},"type":"cond-expr","locations":[{"start":{"line":484,"column":54},"end":{"line":484,"column":63}},{"start":{"line":484,"column":66},"end":{"line":484,"column":107}}],"line":484},"21":{"loc":{"start":{"line":484,"column":66},"end":{"line":484,"column":107}},"type":"cond-expr","locations":[{"start":{"line":484,"column":86},"end":{"line":484,"column":95}},{"start":{"line":484,"column":98},"end":{"line":484,"column":107}}],"line":484},"22":{"loc":{"start":{"line":489,"column":21},"end":{"line":517,"column":21}},"type":"binary-expr","locations":[{"start":{"line":489,"column":21},"end":{"line":489,"column":43}},{"start":{"line":490,"column":22},"end":{"line":516,"column":34}}],"line":489},"23":{"loc":{"start":{"line":500,"column":40},"end":{"line":500,"column":116}},"type":"cond-expr","locations":[{"start":{"line":500,"column":62},"end":{"line":500,"column":71}},{"start":{"line":500,"column":74},"end":{"line":500,"column":116}}],"line":500},"24":{"loc":{"start":{"line":501,"column":39},"end":{"line":501,"column":110}},"type":"cond-expr","locations":[{"start":{"line":501,"column":61},"end":{"line":501,"column":70}},{"start":{"line":501,"column":73},"end":{"line":501,"column":110}}],"line":501},"25":{"loc":{"start":{"line":503,"column":42},"end":{"line":503,"column":118}},"type":"cond-expr","locations":[{"start":{"line":503,"column":64},"end":{"line":503,"column":73}},{"start":{"line":503,"column":76},"end":{"line":503,"column":118}}],"line":503},"26":{"loc":{"start":{"line":504,"column":41},"end":{"line":504,"column":112}},"type":"cond-expr","locations":[{"start":{"line":504,"column":63},"end":{"line":504,"column":72}},{"start":{"line":504,"column":75},"end":{"line":504,"column":112}}],"line":504},"27":{"loc":{"start":{"line":514,"column":27},"end":{"line":514,"column":70}},"type":"cond-expr","locations":[{"start":{"line":514,"column":49},"end":{"line":514,"column":58}},{"start":{"line":514,"column":61},"end":{"line":514,"column":70}}],"line":514}},"s":{"0":1,"1":18,"2":17,"3":17,"4":17,"5":17,"6":17,"7":17,"8":17,"9":17,"10":17,"11":17,"12":17,"13":17,"14":17,"15":17,"16":6,"17":17,"18":6,"19":6,"20":6,"21":6,"22":0,"23":17,"24":1,"25":1,"26":1,"27":1,"28":1,"29":0,"30":17,"31":0,"32":0,"33":0,"34":17,"35":0,"36":0,"37":17,"38":1,"39":1,"40":1,"41":17,"42":1,"43":0,"44":1,"45":1,"46":1,"47":1,"48":1,"49":1,"50":0,"51":0,"52":0,"53":0,"54":0,"55":0,"56":17,"57":0,"58":0,"59":0,"60":0,"61":0,"62":0,"63":0,"64":0,"65":0,"66":0,"67":0,"68":0,"69":0,"70":0,"71":17,"72":0,"73":1,"74":0,"75":0,"76":0,"77":4,"78":1,"79":0,"80":0,"81":0,"82":0,"83":0,"84":0,"85":0,"86":0,"87":0,"88":0,"89":0,"90":0},"f":{"0":18,"1":6,"2":6,"3":1,"4":0,"5":0,"6":1,"7":1,"8":0,"9":0,"10":0,"11":0,"12":0,"13":0,"14":1,"15":0,"16":0,"17":0,"18":4,"19":1,"20":0,"21":0,"22":0,"23":0,"24":0,"25":0,"26":0,"27":0,"28":0,"29":0,"30":0},"b":{"0":[0,1],"1":[1,1],"2":[0,0,0],"3":[0,0,0],"4":[17,0],"5":[17,0],"6":[17,1],"7":[17,16],"8":[4,0],"9":[4,0],"10":[0,0],"11":[0,0],"12":[4,0],"13":[0,0],"14":[0,0],"15":[4,0],"16":[0,0],"17":[0,0],"18":[4,0],"19":[0,0],"20":[4,0],"21":[0,0],"22":[4,4],"23":[0,4],"24":[0,4],"25":[0,4],"26":[0,4],"27":[0,4]},"_coverageSchema":"1a1c01bbd47fc00a2c39e90264f33305004495a9","hash":"6af12f1230ee89b70f1ba711eabe0e0f0ee77c8d"}
,"/Users/mateo.quintero/Documents/ecommerce-system/frontend/src/services/api.ts": {"path":"/Users/mateo.quintero/Documents/ecommerce-system/frontend/src/services/api.ts","statementMap":{"0":{"start":{"line":4,"column":21},"end":{"line":4,"column":48}},"1":{"start":{"line":6,"column":12},"end":{"line":8,"column":2}},"2":{"start":{"line":11,"column":0},"end":{"line":17,"column":3}},"3":{"start":{"line":12,"column":16},"end":{"line":12,"column":45}},"4":{"start":{"line":13,"column":2},"end":{"line":15,"column":3}},"5":{"start":{"line":14,"column":4},"end":{"line":14,"column":53}},"6":{"start":{"line":16,"column":2},"end":{"line":16,"column":16}},"7":{"start":{"line":20,"column":23},"end":{"line":26,"column":1}},"8":{"start":{"line":22,"column":4},"end":{"line":22,"column":62}},"9":{"start":{"line":22,"column":53},"end":{"line":22,"column":61}},"10":{"start":{"line":25,"column":4},"end":{"line":25,"column":62}},"11":{"start":{"line":25,"column":53},"end":{"line":25,"column":61}},"12":{"start":{"line":29,"column":27},"end":{"line":41,"column":1}},"13":{"start":{"line":31,"column":4},"end":{"line":31,"column":72}},"14":{"start":{"line":31,"column":63},"end":{"line":31,"column":71}},"15":{"start":{"line":34,"column":25},"end":{"line":38,"column":6}},"16":{"start":{"line":37,"column":70},"end":{"line":37,"column":71}},"17":{"start":{"line":39,"column":4},"end":{"line":39,"column":77}},"18":{"start":{"line":39,"column":67},"end":{"line":39,"column":75}}},"fnMap":{"0":{"name":"(anonymous_0)","decl":{"start":{"line":11,"column":29},"end":{"line":11,"column":30}},"loc":{"start":{"line":11,"column":41},"end":{"line":17,"column":1}},"line":11},"1":{"name":"(anonymous_1)","decl":{"start":{"line":21,"column":9},"end":{"line":21,"column":10}},"loc":{"start":{"line":22,"column":4},"end":{"line":22,"column":62}},"line":22},"2":{"name":"(anonymous_2)","decl":{"start":{"line":22,"column":46},"end":{"line":22,"column":47}},"loc":{"start":{"line":22,"column":53},"end":{"line":22,"column":61}},"line":22},"3":{"name":"(anonymous_3)","decl":{"start":{"line":24,"column":12},"end":{"line":24,"column":13}},"loc":{"start":{"line":25,"column":4},"end":{"line":25,"column":62}},"line":25},"4":{"name":"(anonymous_4)","decl":{"start":{"line":25,"column":46},"end":{"line":25,"column":47}},"loc":{"start":{"line":25,"column":53},"end":{"line":25,"column":61}},"line":25},"5":{"name":"(anonymous_5)","decl":{"start":{"line":30,"column":15},"end":{"line":30,"column":16}},"loc":{"start":{"line":31,"column":4},"end":{"line":31,"column":72}},"line":31},"6":{"name":"(anonymous_6)","decl":{"start":{"line":31,"column":56},"end":{"line":31,"column":57}},"loc":{"start":{"line":31,"column":63},"end":{"line":31,"column":71}},"line":31},"7":{"name":"(anonymous_7)","decl":{"start":{"line":33,"column":18},"end":{"line":33,"column":19}},"loc":{"start":{"line":33,"column":88},"end":{"line":40,"column":3}},"line":33},"8":{"name":"(anonymous_8)","decl":{"start":{"line":37,"column":58},"end":{"line":37,"column":59}},"loc":{"start":{"line":37,"column":70},"end":{"line":37,"column":71}},"line":37},"9":{"name":"(anonymous_9)","decl":{"start":{"line":39,"column":60},"end":{"line":39,"column":61}},"loc":{"start":{"line":39,"column":67},"end":{"line":39,"column":75}},"line":39}},"branchMap":{"0":{"loc":{"start":{"line":13,"column":2},"end":{"line":15,"column":3}},"type":"if","locations":[{"start":{"line":13,"column":2},"end":{"line":15,"column":3}},{"start":{},"end":{}}],"line":13},"1":{"loc":{"start":{"line":30,"column":16},"end":{"line":30,"column":24}},"type":"default-arg","locations":[{"start":{"line":30,"column":23},"end":{"line":30,"column":24}}],"line":30},"2":{"loc":{"start":{"line":30,"column":26},"end":{"line":30,"column":35}},"type":"default-arg","locations":[{"start":{"line":30,"column":33},"end":{"line":30,"column":35}}],"line":30},"3":{"loc":{"start":{"line":33,"column":32},"end":{"line":33,"column":40}},"type":"default-arg","locations":[{"start":{"line":33,"column":39},"end":{"line":33,"column":40}}],"line":33},"4":{"loc":{"start":{"line":33,"column":42},"end":{"line":33,"column":51}},"type":"default-arg","locations":[{"start":{"line":33,"column":49},"end":{"line":33,"column":51}}],"line":33}},"s":{"0":10,"1":10,"2":10,"3":0,"4":0,"5":0,"6":0,"7":10,"8":0,"9":0,"10":0,"11":0,"12":10,"13":0,"14":0,"15":0,"16":0,"17":0,"18":0},"f":{"0":0,"1":0,"2":0,"3":0,"4":0,"5":0,"6":0,"7":0,"8":0,"9":0},"b":{"0":[0,0],"1":[0],"2":[0],"3":[0],"4":[0]},"_coverageSchema":"1a1c01bbd47fc00a2c39e90264f33305004495a9","hash":"aef2966b90cb4f198c6979ca23d212af750767ce"}
,"/Users/mateo.quintero/Documents/ecommerce-system/frontend/src/types/index.ts": {"path":"/Users/mateo.quintero/Documents/ecommerce-system/frontend/src/types/index.ts","statementMap":{},"fnMap":{},"branchMap":{},"s":{},"f":{},"b":{}}
}
