TN:
SF:src/App.tsx
FN:26,App
FNF:1
FNH:0
FNDA:0,App
DA:15,0
DA:27,0
LF:2
LH:0
BRF:0
BRH:0
end_of_record
TN:
SF:src/index.tsx
FNF:0
FNH:0
DA:5,0
DA:9,0
LF:2
LH:0
BRF:0
BRH:0
end_of_record
TN:
SF:src/components/Inventory.tsx
FN:21,(anonymous_0)
FN:30,(anonymous_1)
FN:47,(anonymous_2)
FN:58,(anonymous_3)
FN:73,(anonymous_4)
FN:137,(anonymous_5)
FN:196,(anonymous_6)
FN:218,(anonymous_7)
FN:247,(anonymous_8)
FN:261,(anonymous_9)
FNF:10
FNH:2
FNDA:3,(anonymous_0)
FNDA:3,(anonymous_1)
FNDA:0,(anonymous_2)
FNDA:0,(anonymous_3)
FNDA:0,(anonymous_4)
FNDA:0,(anonymous_5)
FNDA:0,(anonymous_6)
FNDA:0,(anonymous_7)
FNDA:0,(anonymous_8)
FNDA:0,(anonymous_9)
DA:21,1
DA:22,3
DA:23,3
DA:24,3
DA:25,3
DA:26,3
DA:27,3
DA:28,3
DA:30,3
DA:31,3
DA:32,0
DA:37,3
DA:38,3
DA:47,0
DA:48,0
DA:49,0
DA:50,0
DA:52,0
DA:54,0
DA:58,0
DA:59,0
DA:61,0
DA:62,0
DA:66,0
DA:67,0
DA:69,0
DA:73,0
DA:74,0
DA:75,0
DA:76,0
DA:79,0
DA:81,0
DA:138,0
DA:196,0
DA:218,0
DA:247,0
DA:261,0
LF:37
LH:12
BRDA:31,0,0,0
BRDA:31,0,1,3
BRDA:37,1,0,3
BRDA:37,1,1,0
BRDA:59,2,0,0
BRDA:59,2,1,0
BRDA:79,3,0,0
BRDA:79,3,1,0
BRDA:102,4,0,0
BRDA:102,4,1,0
BRDA:147,5,0,0
BRDA:147,5,1,0
BRDA:153,6,0,0
BRDA:153,6,1,0
BRDA:154,7,0,0
BRDA:154,7,1,0
BRDA:155,8,0,0
BRDA:155,8,1,0
BRDA:158,9,0,0
BRDA:158,9,1,0
BRDA:159,10,0,0
BRDA:159,10,1,0
BRDA:160,11,0,0
BRDA:160,11,1,0
BRDA:161,12,0,0
BRDA:161,12,1,0
BRDA:162,13,0,0
BRDA:162,13,1,0
BRDA:163,14,0,0
BRDA:163,14,1,0
BRDA:175,15,0,0
BRDA:175,15,1,0
BRDA:177,16,0,0
BRDA:177,16,1,0
BRDA:177,17,0,0
BRDA:177,17,1,0
BRDA:178,18,0,0
BRDA:178,18,1,0
BRDA:178,19,0,0
BRDA:178,19,1,0
BRDA:185,20,0,0
BRDA:185,20,1,0
BRDA:188,21,0,0
BRDA:188,21,1,0
BRDA:189,22,0,0
BRDA:189,22,1,0
BRF:46
BRH:2
end_of_record
TN:
SF:src/components/Layout.tsx
FN:11,(anonymous_0)
FN:15,(anonymous_1)
FN:49,(anonymous_2)
FN:67,(anonymous_3)
FN:86,(anonymous_4)
FN:105,(anonymous_5)
FN:123,(anonymous_6)
FNF:7
FNH:1
FNDA:3,(anonymous_0)
FNDA:0,(anonymous_1)
FNDA:0,(anonymous_2)
FNDA:0,(anonymous_3)
FNDA:0,(anonymous_4)
FNDA:0,(anonymous_5)
FNDA:0,(anonymous_6)
DA:11,1
DA:12,3
DA:13,3
DA:15,3
DA:16,0
DA:17,0
DA:20,3
DA:49,0
DA:67,0
DA:86,0
DA:105,0
DA:123,0
LF:12
LH:5
BRDA:63,0,0,3
BRDA:63,0,1,0
BRDA:82,1,0,3
BRDA:82,1,1,0
BRDA:101,2,0,3
BRDA:101,2,1,0
BRDA:139,3,0,0
BRDA:139,3,1,3
BRDA:142,4,0,0
BRDA:142,4,1,3
BRF:10
BRH:5
end_of_record
TN:
SF:src/components/Orders.tsx
FN:13,(anonymous_0)
FN:32,(anonymous_1)
FN:38,(anonymous_2)
FN:52,(anonymous_3)
FN:61,(anonymous_4)
FN:69,(anonymous_5)
FN:78,(anonymous_6)
FN:105,(anonymous_7)
FN:122,(anonymous_8)
FN:139,(anonymous_9)
FN:158,(anonymous_10)
FN:171,(anonymous_11)
FN:236,(anonymous_12)
FN:255,(anonymous_13)
FN:275,(anonymous_14)
FN:297,(anonymous_15)
FN:340,(anonymous_16)
FN:363,(anonymous_17)
FN:371,(anonymous_18)
FN:382,(anonymous_19)
FN:403,(anonymous_20)
FN:412,(anonymous_21)
FN:420,(anonymous_22)
FN:422,(anonymous_23)
FN:434,(anonymous_24)
FN:436,(anonymous_25)
FN:447,(anonymous_26)
FN:454,(anonymous_27)
FN:460,(anonymous_28)
FN:467,(anonymous_29)
FN:476,(anonymous_30)
FN:483,(anonymous_31)
FN:489,(anonymous_32)
FN:496,(anonymous_33)
FN:505,(anonymous_34)
FN:512,(anonymous_35)
FNF:36
FNH:5
FNDA:5,(anonymous_0)
FNDA:3,(anonymous_1)
FNDA:3,(anonymous_2)
FNDA:3,(anonymous_3)
FNDA:3,(anonymous_4)
FNDA:0,(anonymous_5)
FNDA:0,(anonymous_6)
FNDA:0,(anonymous_7)
FNDA:0,(anonymous_8)
FNDA:0,(anonymous_9)
FNDA:0,(anonymous_10)
FNDA:0,(anonymous_11)
FNDA:0,(anonymous_12)
FNDA:0,(anonymous_13)
FNDA:0,(anonymous_14)
FNDA:0,(anonymous_15)
FNDA:0,(anonymous_16)
FNDA:0,(anonymous_17)
FNDA:0,(anonymous_18)
FNDA:0,(anonymous_19)
FNDA:0,(anonymous_20)
FNDA:0,(anonymous_21)
FNDA:0,(anonymous_22)
FNDA:0,(anonymous_23)
FNDA:0,(anonymous_24)
FNDA:0,(anonymous_25)
FNDA:0,(anonymous_26)
FNDA:0,(anonymous_27)
FNDA:0,(anonymous_28)
FNDA:0,(anonymous_29)
FNDA:0,(anonymous_30)
FNDA:0,(anonymous_31)
FNDA:0,(anonymous_32)
FNDA:0,(anonymous_33)
FNDA:0,(anonymous_34)
FNDA:0,(anonymous_35)
DA:13,1
DA:14,5
DA:15,4
DA:16,4
DA:17,4
DA:18,4
DA:19,4
DA:20,4
DA:21,4
DA:22,4
DA:23,4
DA:24,4
DA:25,4
DA:26,4
DA:27,4
DA:28,4
DA:29,4
DA:32,4
DA:33,3
DA:34,3
DA:35,3
DA:38,4
DA:39,3
DA:40,3
DA:41,1
DA:42,1
DA:43,1
DA:46,1
DA:48,3
DA:52,4
DA:53,3
DA:54,3
DA:55,3
DA:57,3
DA:61,4
DA:62,3
DA:63,3
DA:64,3
DA:65,0
DA:68,0
DA:69,0
DA:70,0
DA:72,0
DA:74,3
DA:78,4
DA:79,0
DA:81,0
DA:82,0
DA:84,0
DA:85,0
DA:91,0
DA:92,0
DA:93,0
DA:94,0
DA:95,0
DA:96,0
DA:97,0
DA:99,0
DA:100,0
DA:101,0
DA:105,4
DA:106,0
DA:108,0
DA:109,0
DA:110,0
DA:111,0
DA:112,0
DA:113,0
DA:114,0
DA:115,0
DA:117,0
DA:118,0
DA:122,4
DA:123,0
DA:125,0
DA:126,0
DA:127,0
DA:128,0
DA:129,0
DA:130,0
DA:131,0
DA:132,0
DA:134,0
DA:135,0
DA:139,4
DA:140,0
DA:142,0
DA:143,0
DA:144,0
DA:145,0
DA:147,0
DA:148,0
DA:150,0
DA:151,0
DA:153,0
DA:154,0
DA:158,4
DA:159,0
DA:160,0
DA:161,0
DA:163,0
DA:164,0
DA:165,0
DA:166,0
DA:167,0
DA:171,4
DA:172,0
DA:173,0
DA:174,0
DA:175,0
DA:176,0
DA:180,4
DA:182,2
DA:236,0
DA:255,0
DA:275,0
DA:298,0
DA:340,0
DA:363,0
DA:371,0
DA:382,0
DA:403,0
DA:412,0
DA:420,0
DA:423,0
DA:434,0
DA:437,0
DA:447,0
DA:454,0
DA:460,0
DA:467,0
DA:476,0
DA:483,0
DA:489,0
DA:496,0
DA:505,0
DA:512,0
LF:137
LH:47
BRDA:40,0,0,1
BRDA:40,0,1,2
BRDA:41,1,0,0
BRDA:41,1,1,1
BRDA:43,2,0,1
BRDA:43,2,1,0
BRDA:79,3,0,0
BRDA:79,3,1,0
BRDA:79,4,0,0
BRDA:79,4,1,0
BRDA:81,5,0,0
BRDA:81,5,1,0
BRDA:82,6,0,0
BRDA:82,6,1,0
BRDA:99,7,0,0
BRDA:99,7,1,0
BRDA:99,7,2,0
BRDA:106,8,0,0
BRDA:106,8,1,0
BRDA:106,9,0,0
BRDA:106,9,1,0
BRDA:123,10,0,0
BRDA:123,10,1,0
BRDA:123,11,0,0
BRDA:123,11,1,0
BRDA:140,12,0,0
BRDA:140,12,1,0
BRDA:143,13,0,0
BRDA:143,13,1,0
BRDA:159,14,0,0
BRDA:159,14,1,0
BRDA:160,15,0,0
BRDA:160,15,1,0
BRDA:161,16,0,0
BRDA:161,16,1,0
BRDA:163,17,0,0
BRDA:163,17,1,0
BRDA:163,17,2,0
BRDA:163,17,3,0
BRDA:172,18,0,0
BRDA:172,18,1,0
BRDA:172,18,2,0
BRDA:172,18,3,0
BRDA:180,19,0,2
BRDA:180,19,1,2
BRDA:203,20,0,2
BRDA:203,20,1,0
BRDA:217,21,0,2
BRDA:217,21,1,0
BRDA:232,22,0,2
BRDA:232,22,1,0
BRDA:321,23,0,0
BRDA:321,23,1,0
BRDA:324,24,0,0
BRDA:324,24,1,0
BRDA:327,25,0,0
BRDA:327,25,1,0
BRDA:334,26,0,0
BRDA:334,26,1,0
BRDA:340,27,0,0
BRDA:340,27,1,0
BRDA:340,28,0,0
BRDA:340,28,1,0
BRDA:342,29,0,0
BRDA:342,29,1,0
BRDA:347,30,0,0
BRDA:347,30,1,0
BRDA:356,31,0,0
BRDA:356,31,1,0
BRDA:358,32,0,0
BRDA:358,32,1,0
BRDA:378,33,0,0
BRDA:378,33,1,0
BRDA:378,33,2,0
BRDA:378,33,3,0
BRDA:397,34,0,2
BRDA:397,34,1,2
BRDA:397,34,2,0
BRDA:406,35,0,0
BRDA:406,35,1,0
BRDA:415,36,0,2
BRDA:415,36,1,0
BRF:82
BRH:12
end_of_record
TN:
SF:src/components/ProductCard.tsx
FN:21,(anonymous_0)
FN:55,(anonymous_1)
FN:58,(anonymous_2)
FN:66,(anonymous_3)
FNF:4
FNH:3
FNDA:6,(anonymous_0)
FNDA:1,(anonymous_1)
FNDA:1,(anonymous_2)
FNDA:0,(anonymous_3)
DA:21,1
DA:28,6
DA:55,1
DA:58,1
DA:66,0
LF:5
LH:4
BRDA:49,0,0,5
BRDA:49,0,1,1
BRDA:53,1,0,5
BRDA:53,1,1,1
BRF:4
BRH:4
end_of_record
TN:
SF:src/components/ProtectedRoute.tsx
FN:9,(anonymous_0)
FNF:1
FNH:1
FNDA:3,(anonymous_0)
DA:9,1
DA:10,3
DA:12,3
LF:3
LH:3
BRDA:12,0,0,1
BRDA:12,0,1,2
BRF:2
BRH:2
end_of_record
TN:
SF:src/components/Reports.tsx
FN:22,(anonymous_0)
FN:30,(anonymous_1)
FN:46,(anonymous_2)
FN:137,(anonymous_3)
FN:213,(anonymous_4)
FN:292,(anonymous_5)
FNF:6
FNH:2
FNDA:3,(anonymous_0)
FNDA:3,(anonymous_1)
FNDA:0,(anonymous_2)
FNDA:0,(anonymous_3)
FNDA:0,(anonymous_4)
FNDA:0,(anonymous_5)
DA:22,1
DA:23,3
DA:24,3
DA:25,3
DA:26,3
DA:27,3
DA:28,3
DA:30,3
DA:31,3
DA:32,0
DA:36,3
DA:37,3
DA:46,0
DA:47,0
DA:48,0
DA:54,0
DA:55,0
DA:56,0
DA:58,0
DA:60,0
DA:64,0
DA:66,0
DA:138,0
DA:214,0
DA:293,0
LF:25
LH:11
BRDA:31,0,0,0
BRDA:31,0,1,3
BRDA:36,1,0,3
BRDA:36,1,1,0
BRDA:64,2,0,0
BRDA:64,2,1,0
BRDA:87,3,0,0
BRDA:87,3,1,0
BRDA:151,4,0,0
BRDA:151,4,1,0
BRDA:151,5,0,0
BRDA:151,5,1,0
BRDA:151,6,0,0
BRDA:151,6,1,0
BRDA:152,7,0,0
BRDA:152,7,1,0
BRDA:226,8,0,0
BRDA:226,8,1,0
BRDA:228,9,0,0
BRDA:228,9,1,0
BRDA:228,10,0,0
BRDA:228,10,1,0
BRDA:228,11,0,0
BRDA:228,11,1,0
BRDA:229,12,0,0
BRDA:229,12,1,0
BRDA:299,13,0,0
BRDA:299,13,1,0
BRDA:305,14,0,0
BRDA:305,14,1,0
BRDA:306,15,0,0
BRDA:306,15,1,0
BRDA:307,16,0,0
BRDA:307,16,1,0
BRDA:310,17,0,0
BRDA:310,17,1,0
BRDA:311,18,0,0
BRDA:311,18,1,0
BRDA:312,19,0,0
BRDA:312,19,1,0
BRDA:313,20,0,0
BRDA:313,20,1,0
BRDA:314,21,0,0
BRDA:314,21,1,0
BRDA:315,22,0,0
BRDA:315,22,1,0
BRDA:328,23,0,0
BRDA:328,23,1,0
BRDA:328,24,0,0
BRDA:328,24,1,0
BRDA:329,25,0,0
BRDA:329,25,1,0
BRDA:329,26,0,0
BRDA:329,26,1,0
BRF:54
BRH:2
end_of_record
TN:
SF:src/components/Users.tsx
FN:14,(anonymous_0)
FN:32,(anonymous_1)
FN:48,(anonymous_2)
FN:59,(anonymous_3)
FN:73,(anonymous_4)
FN:87,(anonymous_5)
FN:99,(anonymous_6)
FN:106,(anonymous_7)
FN:113,(anonymous_8)
FN:216,(anonymous_9)
FN:264,(anonymous_10)
FN:279,(anonymous_11)
FN:303,(anonymous_12)
FN:330,(anonymous_13)
FN:345,(anonymous_14)
FN:360,(anonymous_15)
FN:374,(anonymous_16)
FN:388,(anonymous_17)
FN:403,(anonymous_18)
FN:413,(anonymous_19)
FN:422,(anonymous_20)
FNF:21
FNH:2
FNDA:3,(anonymous_0)
FNDA:3,(anonymous_1)
FNDA:0,(anonymous_2)
FNDA:0,(anonymous_3)
FNDA:0,(anonymous_4)
FNDA:0,(anonymous_5)
FNDA:0,(anonymous_6)
FNDA:0,(anonymous_7)
FNDA:0,(anonymous_8)
FNDA:0,(anonymous_9)
FNDA:0,(anonymous_10)
FNDA:0,(anonymous_11)
FNDA:0,(anonymous_12)
FNDA:0,(anonymous_13)
FNDA:0,(anonymous_14)
FNDA:0,(anonymous_15)
FNDA:0,(anonymous_16)
FNDA:0,(anonymous_17)
FNDA:0,(anonymous_18)
FNDA:0,(anonymous_19)
FNDA:0,(anonymous_20)
DA:14,1
DA:15,3
DA:16,3
DA:17,3
DA:18,3
DA:19,3
DA:20,3
DA:21,3
DA:22,3
DA:32,3
DA:33,3
DA:34,0
DA:38,3
DA:39,3
DA:48,0
DA:49,0
DA:50,0
DA:51,0
DA:53,0
DA:55,0
DA:59,0
DA:60,0
DA:61,0
DA:70,0
DA:73,0
DA:74,0
DA:75,0
DA:84,0
DA:87,0
DA:88,0
DA:89,0
DA:90,0
DA:91,0
DA:93,0
DA:94,0
DA:96,0
DA:97,0
DA:98,0
DA:99,0
DA:101,0
DA:102,0
DA:106,0
DA:107,0
DA:108,0
DA:109,0
DA:110,0
DA:111,0
DA:112,0
DA:113,0
DA:115,0
DA:116,0
DA:121,0
DA:123,0
DA:217,0
DA:264,0
DA:279,0
DA:303,0
DA:330,0
DA:345,0
DA:360,0
DA:374,0
DA:388,0
DA:403,0
DA:413,0
DA:422,0
LF:65
LH:13
BRDA:33,0,0,0
BRDA:33,0,1,3
BRDA:38,1,0,3
BRDA:38,1,1,0
BRDA:89,2,0,0
BRDA:89,2,1,0
BRDA:101,3,0,0
BRDA:101,3,1,0
BRDA:107,4,0,0
BRDA:107,4,1,0
BRDA:121,5,0,0
BRDA:121,5,1,0
BRDA:167,6,0,0
BRDA:167,6,1,0
BRDA:181,7,0,0
BRDA:181,7,1,0
BRDA:226,8,0,0
BRDA:226,8,1,0
BRDA:241,9,0,0
BRDA:241,9,1,0
BRDA:243,10,0,0
BRDA:243,10,1,0
BRDA:244,11,0,0
BRDA:244,11,1,0
BRDA:252,12,0,0
BRDA:252,12,1,0
BRDA:254,13,0,0
BRDA:254,13,1,0
BRDA:255,14,0,0
BRDA:255,14,1,0
BRDA:324,15,0,0
BRDA:324,15,1,0
BRDA:357,16,0,0
BRDA:357,16,1,0
BRDA:412,17,0,0
BRDA:412,17,1,0
BRDA:446,18,0,0
BRDA:446,18,1,0
BRF:38
BRH:2
end_of_record
TN:
SF:src/hooks/useAuth.tsx
FN:15,(anonymous_0)
FN:18,(anonymous_1)
FN:26,(anonymous_2)
FN:33,(anonymous_3)
FN:49,(anonymous_4)
FNF:5
FNH:5
FNDA:41,(anonymous_0)
FNDA:25,(anonymous_1)
FNDA:1,(anonymous_2)
FNDA:1,(anonymous_3)
FNDA:48,(anonymous_4)
DA:13,9
DA:15,9
DA:16,41
DA:18,41
DA:19,25
DA:20,25
DA:21,25
DA:22,14
DA:26,41
DA:27,1
DA:28,1
DA:29,1
DA:30,1
DA:33,41
DA:34,1
DA:35,1
DA:36,1
DA:39,41
DA:40,41
DA:42,41
DA:49,9
DA:50,48
DA:51,47
DA:52,0
DA:54,47
LF:25
LH:24
BRDA:21,0,0,14
BRDA:21,0,1,11
BRDA:21,1,0,25
BRDA:21,1,1,14
BRDA:51,2,0,0
BRDA:51,2,1,47
BRF:6
BRH:5
end_of_record
TN:
SF:src/pages/Login.tsx
FN:19,(anonymous_0)
FN:29,(anonymous_1)
FN:116,(anonymous_2)
FN:142,(anonymous_3)
FN:155,(anonymous_4)
FNF:5
FNH:1
FNDA:3,(anonymous_0)
FNDA:0,(anonymous_1)
FNDA:0,(anonymous_2)
FNDA:0,(anonymous_3)
FNDA:0,(anonymous_4)
DA:19,1
DA:20,3
DA:21,3
DA:22,3
DA:23,3
DA:24,3
DA:26,3
DA:27,3
DA:29,3
DA:30,0
DA:31,0
DA:32,0
DA:34,0
DA:35,0
DA:36,0
DA:38,0
DA:40,0
DA:44,3
DA:116,0
DA:142,0
DA:155,0
LF:21
LH:10
BRDA:96,0,0,3
BRDA:96,0,1,0
BRDA:140,1,0,0
BRDA:140,1,1,3
BRDA:158,2,0,0
BRDA:158,2,1,3
BRDA:199,3,0,0
BRDA:199,3,1,3
BRF:8
BRH:4
end_of_record
TN:
SF:src/pages/Products.tsx
FN:40,(anonymous_0)
FN:68,(anonymous_1)
FN:72,(anonymous_2)
FN:82,(anonymous_3)
FN:93,(anonymous_4)
FN:99,(anonymous_5)
FN:104,(anonymous_6)
FN:110,(anonymous_7)
FN:123,(anonymous_8)
FN:128,(anonymous_9)
FN:132,(anonymous_10)
FN:145,(anonymous_11)
FN:150,(anonymous_12)
FN:223,(anonymous_13)
FN:275,(anonymous_14)
FN:300,(anonymous_15)
FN:327,(anonymous_16)
FN:349,(anonymous_17)
FN:444,(anonymous_18)
FN:495,(anonymous_19)
FN:528,(anonymous_20)
FN:530,(anonymous_21)
FN:539,(anonymous_22)
FN:555,(anonymous_23)
FN:562,(anonymous_24)
FN:568,(anonymous_25)
FN:574,(anonymous_26)
FN:582,(anonymous_27)
FN:594,(anonymous_28)
FN:603,(anonymous_29)
FN:610,(anonymous_30)
FNF:31
FNH:9
FNDA:18,(anonymous_0)
FNDA:6,(anonymous_1)
FNDA:6,(anonymous_2)
FNDA:1,(anonymous_3)
FNDA:0,(anonymous_4)
FNDA:0,(anonymous_5)
FNDA:1,(anonymous_6)
FNDA:1,(anonymous_7)
FNDA:0,(anonymous_8)
FNDA:0,(anonymous_9)
FNDA:0,(anonymous_10)
FNDA:0,(anonymous_11)
FNDA:0,(anonymous_12)
FNDA:0,(anonymous_13)
FNDA:1,(anonymous_14)
FNDA:0,(anonymous_15)
FNDA:0,(anonymous_16)
FNDA:0,(anonymous_17)
FNDA:4,(anonymous_18)
FNDA:1,(anonymous_19)
FNDA:0,(anonymous_20)
FNDA:0,(anonymous_21)
FNDA:0,(anonymous_22)
FNDA:0,(anonymous_23)
FNDA:0,(anonymous_24)
FNDA:0,(anonymous_25)
FNDA:0,(anonymous_26)
FNDA:0,(anonymous_27)
FNDA:0,(anonymous_28)
FNDA:0,(anonymous_29)
FNDA:0,(anonymous_30)
DA:40,1
DA:41,18
DA:42,17
DA:43,17
DA:44,17
DA:45,17
DA:51,17
DA:52,17
DA:53,17
DA:54,17
DA:55,17
DA:56,17
DA:57,17
DA:64,17
DA:65,17
DA:68,17
DA:69,6
DA:72,17
DA:73,6
DA:74,6
DA:75,6
DA:76,6
DA:78,0
DA:82,17
DA:83,1
DA:84,1
DA:85,1
DA:86,1
DA:87,1
DA:89,0
DA:93,17
DA:94,0
DA:95,0
DA:96,0
DA:99,17
DA:100,0
DA:101,0
DA:104,17
DA:105,1
DA:106,1
DA:107,1
DA:110,17
DA:111,1
DA:113,1
DA:114,1
DA:120,1
DA:121,1
DA:122,1
DA:123,1
DA:125,0
DA:126,0
DA:127,0
DA:128,0
DA:132,17
DA:133,0
DA:134,0
DA:140,0
DA:141,0
DA:142,0
DA:143,0
DA:144,0
DA:145,0
DA:147,0
DA:148,0
DA:149,0
DA:150,0
DA:154,17
DA:223,0
DA:275,1
DA:300,0
DA:327,0
DA:349,0
DA:445,4
DA:495,1
DA:528,0
DA:531,0
DA:532,0
DA:539,0
DA:555,0
DA:562,0
DA:568,0
DA:574,0
DA:582,0
DA:594,0
DA:603,0
DA:610,0
LF:86
LH:47
BRDA:111,0,0,0
BRDA:111,0,1,1
BRDA:111,1,0,1
BRDA:111,1,1,1
BRDA:125,2,0,0
BRDA:125,2,1,0
BRDA:125,2,2,0
BRDA:147,3,0,0
BRDA:147,3,1,0
BRDA:147,3,2,0
BRDA:188,4,0,17
BRDA:188,4,1,0
BRDA:202,5,0,17
BRDA:202,5,1,0
BRDA:217,6,0,17
BRDA:217,6,1,1
BRDA:440,7,0,17
BRDA:440,7,1,16
BRDA:454,8,0,4
BRDA:454,8,1,0
BRDA:460,9,0,4
BRDA:460,9,1,0
BRDA:461,10,0,0
BRDA:461,10,1,0
BRDA:462,11,0,0
BRDA:462,11,1,0
BRDA:465,12,0,4
BRDA:465,12,1,0
BRDA:466,13,0,0
BRDA:466,13,1,0
BRDA:467,14,0,0
BRDA:467,14,1,0
BRDA:468,15,0,4
BRDA:468,15,1,0
BRDA:469,16,0,0
BRDA:469,16,1,0
BRDA:470,17,0,0
BRDA:470,17,1,0
BRDA:483,18,0,4
BRDA:483,18,1,0
BRDA:483,19,0,0
BRDA:483,19,1,0
BRDA:484,20,0,4
BRDA:484,20,1,0
BRDA:484,21,0,0
BRDA:484,21,1,0
BRDA:489,22,0,4
BRDA:489,22,1,4
BRDA:500,23,0,0
BRDA:500,23,1,4
BRDA:501,24,0,0
BRDA:501,24,1,4
BRDA:503,25,0,0
BRDA:503,25,1,4
BRDA:504,26,0,0
BRDA:504,26,1,4
BRDA:514,27,0,0
BRDA:514,27,1,4
BRF:58
BRH:22
end_of_record
TN:
SF:src/services/api.ts
FN:11,(anonymous_0)
FN:21,(anonymous_1)
FN:22,(anonymous_2)
FN:24,(anonymous_3)
FN:25,(anonymous_4)
FN:30,(anonymous_5)
FN:31,(anonymous_6)
FN:33,(anonymous_7)
FN:37,(anonymous_8)
FN:39,(anonymous_9)
FNF:10
FNH:0
FNDA:0,(anonymous_0)
FNDA:0,(anonymous_1)
FNDA:0,(anonymous_2)
FNDA:0,(anonymous_3)
FNDA:0,(anonymous_4)
FNDA:0,(anonymous_5)
FNDA:0,(anonymous_6)
FNDA:0,(anonymous_7)
FNDA:0,(anonymous_8)
FNDA:0,(anonymous_9)
DA:4,10
DA:6,10
DA:11,10
DA:12,0
DA:13,0
DA:14,0
DA:16,0
DA:20,10
DA:22,0
DA:25,0
DA:29,10
DA:31,0
DA:34,0
DA:37,0
DA:39,0
LF:15
LH:5
BRDA:13,0,0,0
BRDA:13,0,1,0
BRDA:30,1,0,0
BRDA:30,2,0,0
BRDA:33,3,0,0
BRDA:33,4,0,0
BRF:6
BRH:0
end_of_record
TN:
SF:src/types/index.ts
FNF:0
FNH:0
LF:0
LH:0
BRF:0
BRH:0
end_of_record
